error: 
    status - 500 
    message - Error: User already exists
    at UserController.<anonymous> (E:\Project1\FrontNote\src\controllers\user.controller.ts:76:13)
    at Generator.next (<anonymous>)
    at fulfilled (E:\Project1\FrontNote\src\controllers\user.controller.ts:5:58)
    at processTicksAndRejections (node:internal/process/task_queues:95:5) 
    url - /api/v1/frontnote/users/register 
    method - POST 
    IP - ::1
   {"timestamp":"2024-10-16T20:23:56.584Z"}
error: 
    status - 500 
    message - Error: User already exists
    at UserController.<anonymous> (E:\Project1\FrontNote\src\controllers\user.controller.ts:76:13)
    at Generator.next (<anonymous>)
    at fulfilled (E:\Project1\FrontNote\src\controllers\user.controller.ts:5:58)
    at processTicksAndRejections (node:internal/process/task_queues:95:5) 
    url - /api/v1/frontnote/users/register 
    method - POST 
    IP - ::1
   {"timestamp":"2024-10-16T20:24:24.906Z"}
error: 
    status - 500 
    message - Error: User already exists
    at UserController.<anonymous> (E:\Project1\FrontNote\src\controllers\user.controller.ts:76:13)
    at Generator.next (<anonymous>)
    at fulfilled (E:\Project1\FrontNote\src\controllers\user.controller.ts:5:58)
    at processTicksAndRejections (node:internal/process/task_queues:95:5) 
    url - /api/v1/frontnote/users/register 
    method - POST 
    IP - ::1
   {"timestamp":"2024-10-16T20:24:43.478Z"}
error: 
    status - 500 
    message - Error: User already exists
    at UserController.<anonymous> (E:\Project1\FrontNote\src\controllers\user.controller.ts:76:13)
    at Generator.next (<anonymous>)
    at fulfilled (E:\Project1\FrontNote\src\controllers\user.controller.ts:5:58)
    at processTicksAndRejections (node:internal/process/task_queues:95:5) 
    url - /api/v1/frontnote/users/register 
    method - POST 
    IP - ::1
   {"timestamp":"2024-10-16T20:30:09.147Z"}
error: 
    status - 500 
    message - Error: User already exists
    at UserController.<anonymous> (E:\Project1\FrontNote\src\controllers\user.controller.ts:76:13)
    at Generator.next (<anonymous>)
    at fulfilled (E:\Project1\FrontNote\src\controllers\user.controller.ts:5:58)
    at processTicksAndRejections (node:internal/process/task_queues:95:5) 
    url - /api/v1/frontnote/users/register 
    method - POST 
    IP - ::1
   {"timestamp":"2024-10-16T20:30:24.985Z"}
error: 
    status - 500 
    message - Error:  User with name -> undefinedundefined is register through this email id undefined 
    at UserController.<anonymous> (E:\Project1\FrontNote\src\controllers\user.controller.ts:75:13)
    at Generator.next (<anonymous>)
    at fulfilled (E:\Project1\FrontNote\src\controllers\user.controller.ts:5:58)
    at processTicksAndRejections (node:internal/process/task_queues:95:5) 
    url - /api/v1/frontnote/users/register 
    method - POST 
    IP - ::1
   {"timestamp":"2024-10-16T20:38:03.013Z"}
error: 
    status - 500 
    message - Error:  User with name -> undefinedundefined is register through this email id undefined 
    at UserController.<anonymous> (E:\Project1\FrontNote\src\controllers\user.controller.ts:75:13)
    at Generator.next (<anonymous>)
    at fulfilled (E:\Project1\FrontNote\src\controllers\user.controller.ts:5:58)
    at processTicksAndRejections (node:internal/process/task_queues:95:5) 
    url - /api/v1/frontnote/users/register 
    method - POST 
    IP - ::1
   {"timestamp":"2024-10-16T20:40:22.094Z"}
error: 
    status - 500 
    message - Error:  User with name -> undefinedundefined is register through this email id undefined 
    at UserController.<anonymous> (E:\Project1\FrontNote\src\controllers\user.controller.ts:75:13)
    at Generator.next (<anonymous>)
    at fulfilled (E:\Project1\FrontNote\src\controllers\user.controller.ts:5:58)
    at processTicksAndRejections (node:internal/process/task_queues:95:5) 
    url - /api/v1/frontnote/users/register 
    method - POST 
    IP - ::1
   {"timestamp":"2024-10-16T20:40:26.898Z"}
error: 
    status - 500 
    message - Error:  User with name -> LIKITHSIDDAVATAM is register through this email id likith@gmail.com 
    at UserController.<anonymous> (E:\Project1\FrontNote\src\controllers\user.controller.ts:75:13)
    at Generator.next (<anonymous>)
    at fulfilled (E:\Project1\FrontNote\src\controllers\user.controller.ts:5:58)
    at processTicksAndRejections (node:internal/process/task_queues:95:5) 
    url - /api/v1/frontnote/users/register 
    method - POST 
    IP - ::1
   {"timestamp":"2024-10-16T20:42:34.409Z"}
error: 
    status - 500 
    message - Error:  User with name -> LIKITHSIDDAVATAM is register through this email id likith@gmail.com 
    at UserController.<anonymous> (E:\Project1\FrontNote\src\controllers\user.controller.ts:75:13)
    at Generator.next (<anonymous>)
    at fulfilled (E:\Project1\FrontNote\src\controllers\user.controller.ts:5:58)
    at processTicksAndRejections (node:internal/process/task_queues:95:5) 
    url - /api/v1/frontnote/users/register 
    method - POST 
    IP - ::1
   {"timestamp":"2024-10-16T20:42:53.139Z"}
error: 
    status - 500 
    message - Error:  User with name -> LIKITHSIDDAVATAM is register through this email id likithsm@gmail.com 
    at UserController.<anonymous> (E:\Project1\FrontNote\src\controllers\user.controller.ts:75:13)
    at Generator.next (<anonymous>)
    at fulfilled (E:\Project1\FrontNote\src\controllers\user.controller.ts:5:58)
    at processTicksAndRejections (node:internal/process/task_queues:95:5) 
    url - /api/v1/frontnote/users/register 
    method - POST 
    IP - ::1
   {"timestamp":"2024-10-16T20:42:59.444Z"}
error: 
    status - 500 
    message - Error:  User with name -> LIKITHSIDDAVATAM is register through this email id likithsm@gmail.com 
    at UserController.<anonymous> (E:\Project1\FrontNote\src\controllers\user.controller.ts:75:13)
    at Generator.next (<anonymous>)
    at fulfilled (E:\Project1\FrontNote\src\controllers\user.controller.ts:5:58)
    at processTicksAndRejections (node:internal/process/task_queues:95:5) 
    url - /api/v1/frontnote/users/register 
    method - POST 
    IP - ::1
   {"timestamp":"2024-10-16T20:43:00.555Z"}
error: 
    status - 500 
    message - Error:  User with name -> LIKITH SIDDAVATAM is register through the email id likithsm@gmail.com 
    at UserController.<anonymous> (E:\Project1\FrontNote\src\controllers\user.controller.ts:75:13)
    at Generator.next (<anonymous>)
    at fulfilled (E:\Project1\FrontNote\src\controllers\user.controller.ts:5:58)
    at processTicksAndRejections (node:internal/process/task_queues:95:5) 
    url - /api/v1/frontnote/users/register 
    method - POST 
    IP - ::1
   {"timestamp":"2024-10-16T20:43:21.683Z"}
error: 
    status - 500 
    message - Error:  User with name -> LIKITH SIDDAVATAM is already registered through the email id likithsm@gmail.com 
    at UserController.<anonymous> (E:\Project1\FrontNote\src\controllers\user.controller.ts:75:13)
    at Generator.next (<anonymous>)
    at fulfilled (E:\Project1\FrontNote\src\controllers\user.controller.ts:5:58)
    at processTicksAndRejections (node:internal/process/task_queues:95:5) 
    url - /api/v1/frontnote/users/register 
    method - POST 
    IP - ::1
   {"timestamp":"2024-10-16T20:44:03.763Z"}
error: 
    status - 500 
    message - Error:  User with name LIKITH SIDDAVATAM is already registered through the email id likithsm@gmail.com 
    at UserController.<anonymous> (E:\Project1\FrontNote\src\controllers\user.controller.ts:75:13)
    at Generator.next (<anonymous>)
    at fulfilled (E:\Project1\FrontNote\src\controllers\user.controller.ts:5:58)
    at processTicksAndRejections (node:internal/process/task_queues:95:5) 
    url - /api/v1/frontnote/users/register 
    method - POST 
    IP - ::1
   {"timestamp":"2024-10-16T20:44:20.878Z"}
error: 
    status - 500 
    message - Error: User with name LIKITH SIDDAVATAM is already registered through the email id likithsiddu@gmail.com
    at UserController.<anonymous> (E:\Project1\FrontNote\src\controllers\user.controller.ts:75:13)
    at Generator.next (<anonymous>)
    at fulfilled (E:\Project1\FrontNote\src\controllers\user.controller.ts:5:58)
    at processTicksAndRejections (node:internal/process/task_queues:95:5) 
    url - /api/v1/frontnote/users/register 
    method - POST 
    IP - ::1
   {"timestamp":"2024-10-16T20:46:54.311Z"}
error: 
    status - 500 
    message - ValidationError: User validation failed: email: Path `email` is required.
    at model.Document.invalidate (E:\Project1\FrontNote\node_modules\mongoose\lib\document.js:2788:32)
    at E:\Project1\FrontNote\node_modules\mongoose\lib\document.js:2580:17
    at E:\Project1\FrontNote\node_modules\mongoose\lib\schematype.js:1273:9
    at processTicksAndRejections (node:internal/process/task_queues:77:11) 
    url - /api/v1/frontnote/users/register 
    method - POST 
    IP - ::1
   {"timestamp":"2024-10-16T20:49:09.676Z"}
error: 
    status - 500 
    message - Error: User with name LIKITH undefined is already registered through the email id likithsiddu@gmail.com
    at UserController.<anonymous> (E:\Project1\FrontNote\src\controllers\user.controller.ts:75:13)
    at Generator.next (<anonymous>)
    at fulfilled (E:\Project1\FrontNote\src\controllers\user.controller.ts:5:58)
    at processTicksAndRejections (node:internal/process/task_queues:95:5) 
    url - /api/v1/frontnote/users/register 
    method - POST 
    IP - ::1
   {"timestamp":"2024-10-16T20:49:18.917Z"}
error: 
    status - 500 
    message - SyntaxError: Expected double-quoted property name in JSON at position 105
    at JSON.parse (<anonymous>)
    at parse (E:\Project1\FrontNote\node_modules\body-parser\lib\types\json.js:92:19)
    at E:\Project1\FrontNote\node_modules\body-parser\lib\read.js:128:18
    at AsyncResource.runInAsyncScope (node:async_hooks:206:9)
    at invokeCallback (E:\Project1\FrontNote\node_modules\raw-body\index.js:238:16)
    at done (E:\Project1\FrontNote\node_modules\raw-body\index.js:227:7)
    at IncomingMessage.onEnd (E:\Project1\FrontNote\node_modules\raw-body\index.js:287:7)
    at IncomingMessage.emit (node:events:519:28)
    at endReadableNT (node:internal/streams/readable:1696:12)
    at processTicksAndRejections (node:internal/process/task_queues:82:21) 
    url - /api/v1/frontnote/users/register 
    method - POST 
    IP - ::1
   {"timestamp":"2024-10-16T20:50:10.335Z"}
error: 
    status - 500 
    message - Error: User with name LIKITH SIDDAVATAM is already registered through the email id likithsiddu@gmail.com
    at UserController.<anonymous> (E:\Project1\FrontNote\src\controllers\user.controller.ts:75:13)
    at Generator.next (<anonymous>)
    at fulfilled (E:\Project1\FrontNote\src\controllers\user.controller.ts:5:58)
    at processTicksAndRejections (node:internal/process/task_queues:95:5) 
    url - /api/v1/frontnote/users/register 
    method - POST 
    IP - ::1
   {"timestamp":"2024-10-16T20:50:18.574Z"}
error: 
    status - 500 
    message - ValidationError: User validation failed: lastName: Path `lastName` is required.
    at model.Document.invalidate (E:\Project1\FrontNote\node_modules\mongoose\lib\document.js:2788:32)
    at E:\Project1\FrontNote\node_modules\mongoose\lib\document.js:2580:17
    at E:\Project1\FrontNote\node_modules\mongoose\lib\schematype.js:1273:9
    at processTicksAndRejections (node:internal/process/task_queues:77:11) 
    url - /api/v1/frontnote/users/register 
    method - POST 
    IP - ::1
   {"timestamp":"2024-10-16T20:50:45.045Z"}
error: 
    status - 500 
    message - SyntaxError: Expected double-quoted property name in JSON at position 80
    at JSON.parse (<anonymous>)
    at parse (E:\Project1\FrontNote\node_modules\body-parser\lib\types\json.js:92:19)
    at E:\Project1\FrontNote\node_modules\body-parser\lib\read.js:128:18
    at AsyncResource.runInAsyncScope (node:async_hooks:206:9)
    at invokeCallback (E:\Project1\FrontNote\node_modules\raw-body\index.js:238:16)
    at done (E:\Project1\FrontNote\node_modules\raw-body\index.js:227:7)
    at IncomingMessage.onEnd (E:\Project1\FrontNote\node_modules\raw-body\index.js:287:7)
    at IncomingMessage.emit (node:events:519:28)
    at endReadableNT (node:internal/streams/readable:1696:12)
    at processTicksAndRejections (node:internal/process/task_queues:82:21) 
    url - /api/v1/frontnote/users/register 
    method - POST 
    IP - ::1
   {"timestamp":"2024-10-16T20:50:53.910Z"}
error: 
    status - 500 
    message - ValidationError: User validation failed: password: Path `password` is required., lastName: Path `lastName` is required.
    at model.Document.invalidate (E:\Project1\FrontNote\node_modules\mongoose\lib\document.js:2788:32)
    at E:\Project1\FrontNote\node_modules\mongoose\lib\document.js:2580:17
    at E:\Project1\FrontNote\node_modules\mongoose\lib\schematype.js:1273:9
    at processTicksAndRejections (node:internal/process/task_queues:77:11) 
    url - /api/v1/frontnote/users/register 
    method - POST 
    IP - ::1
   {"timestamp":"2024-10-16T20:51:00.249Z"}
error: 
    status - 500 
    message - Error: User with name SANTHOSH SHEKAR is already registered through the email id Santhosh@gmail.com
    at UserController.<anonymous> (E:\Project1\FundDoNotes\src\controllers\user.controller.ts:75:13)
    at Generator.next (<anonymous>)
    at fulfilled (E:\Project1\FundDoNotes\src\controllers\user.controller.ts:5:58)
    at processTicksAndRejections (node:internal/process/task_queues:95:5) 
    url - /api/v1/frontnote/users/register 
    method - POST 
    IP - ::1
   {"timestamp":"2024-10-17T05:24:00.868Z"}
error: uncaughtException: Route.post() requires a callback function but got a [object Undefined]
Error: Route.post() requires a callback function but got a [object Undefined]
    at Route.<computed> [as post] (E:\Project1\FundDoNotes\node_modules\express\lib\router\route.js:216:15)
    at Function.proto.<computed> [as post] (E:\Project1\FundDoNotes\node_modules\express\lib\router\index.js:521:19)
    at UserRoutes.routes (E:\Project1\FundDoNotes\src\routes\user.route.ts:20:17)
    at new UserRoutes (E:\Project1\FundDoNotes\src\routes\user.route.ts:12:10)
    at routes (E:\Project1\FundDoNotes\src\routes\index.ts:15:24)
    at App.initializeRoutes (E:\Project1\FundDoNotes\src\index.ts:52:62)
    at new App (E:\Project1\FundDoNotes\src\index.ts:33:10)
    at Object.<anonymous> (E:\Project1\FundDoNotes\src\index.ts:74:13)
    at Module._compile (node:internal/modules/cjs/loader:1469:14)
    at Module._compile (E:\Project1\FundDoNotes\node_modules\source-map-support\source-map-support.js:568:25)
    at Module.m._compile (C:\Users\A1\AppData\Local\Temp\ts-node-dev-hook-8676087590250392.js:69:33)
    at Module._extensions..js (node:internal/modules/cjs/loader:1548:10)
    at require.extensions..jsx.require.extensions..js (C:\Users\A1\AppData\Local\Temp\ts-node-dev-hook-8676087590250392.js:114:20)
    at require.extensions.<computed> (C:\Users\A1\AppData\Local\Temp\ts-node-dev-hook-8676087590250392.js:71:20)
    at Object.nodeDevHook [as .ts] (E:\Project1\FundDoNotes\node_modules\ts-node-dev\lib\hook.js:63:13)
    at Module.load (node:internal/modules/cjs/loader:1288:32) {"date":"Thu Oct 17 2024 10:59:49 GMT+0530 (India Standard Time)","error":{},"exception":true,"os":{"loadavg":[0,0,0],"uptime":970.39},"process":{"argv":["C:\\Program Files\\nodejs\\node.exe","./src/index.ts"],"cwd":"E:\\Project1\\FundDoNotes","execPath":"C:\\Program Files\\nodejs\\node.exe","gid":null,"memoryUsage":{"arrayBuffers":18369455,"external":20629531,"heapTotal":37670912,"heapUsed":27103112,"rss":73052160},"pid":14720,"uid":null,"version":"v20.17.0"},"stack":"Error: Route.post() requires a callback function but got a [object Undefined]\n    at Route.<computed> [as post] (E:\\Project1\\FundDoNotes\\node_modules\\express\\lib\\router\\route.js:216:15)\n    at Function.proto.<computed> [as post] (E:\\Project1\\FundDoNotes\\node_modules\\express\\lib\\router\\index.js:521:19)\n    at UserRoutes.routes (E:\\Project1\\FundDoNotes\\src\\routes\\user.route.ts:20:17)\n    at new UserRoutes (E:\\Project1\\FundDoNotes\\src\\routes\\user.route.ts:12:10)\n    at routes (E:\\Project1\\FundDoNotes\\src\\routes\\index.ts:15:24)\n    at App.initializeRoutes (E:\\Project1\\FundDoNotes\\src\\index.ts:52:62)\n    at new App (E:\\Project1\\FundDoNotes\\src\\index.ts:33:10)\n    at Object.<anonymous> (E:\\Project1\\FundDoNotes\\src\\index.ts:74:13)\n    at Module._compile (node:internal/modules/cjs/loader:1469:14)\n    at Module._compile (E:\\Project1\\FundDoNotes\\node_modules\\source-map-support\\source-map-support.js:568:25)\n    at Module.m._compile (C:\\Users\\A1\\AppData\\Local\\Temp\\ts-node-dev-hook-8676087590250392.js:69:33)\n    at Module._extensions..js (node:internal/modules/cjs/loader:1548:10)\n    at require.extensions..jsx.require.extensions..js (C:\\Users\\A1\\AppData\\Local\\Temp\\ts-node-dev-hook-8676087590250392.js:114:20)\n    at require.extensions.<computed> (C:\\Users\\A1\\AppData\\Local\\Temp\\ts-node-dev-hook-8676087590250392.js:71:20)\n    at Object.nodeDevHook [as .ts] (E:\\Project1\\FundDoNotes\\node_modules\\ts-node-dev\\lib\\hook.js:63:13)\n    at Module.load (node:internal/modules/cjs/loader:1288:32)","timestamp":"2024-10-17T05:29:49.579Z","trace":[{"column":15,"file":"E:\\Project1\\FundDoNotes\\node_modules\\express\\lib\\router\\route.js","function":"Route.<computed> [as post]","line":216,"method":"<computed> [as post]","native":false},{"column":19,"file":"E:\\Project1\\FundDoNotes\\node_modules\\express\\lib\\router\\index.js","function":"Function.proto.<computed> [as post]","line":521,"method":"<computed> [as post]","native":false},{"column":17,"file":"E:\\Project1\\FundDoNotes\\src\\routes\\user.route.ts","function":"UserRoutes.routes","line":20,"method":"routes","native":false},{"column":10,"file":"E:\\Project1\\FundDoNotes\\src\\routes\\user.route.ts","function":"new UserRoutes","line":12,"method":null,"native":false},{"column":24,"file":"E:\\Project1\\FundDoNotes\\src\\routes\\index.ts","function":"routes","line":15,"method":null,"native":false},{"column":62,"file":"E:\\Project1\\FundDoNotes\\src\\index.ts","function":"App.initializeRoutes","line":52,"method":"initializeRoutes","native":false},{"column":10,"file":"E:\\Project1\\FundDoNotes\\src\\index.ts","function":"new App","line":33,"method":null,"native":false},{"column":13,"file":"E:\\Project1\\FundDoNotes\\src\\index.ts","function":null,"line":74,"method":null,"native":false},{"column":14,"file":"node:internal/modules/cjs/loader","function":"Module._compile","line":1469,"method":"_compile","native":false},{"column":25,"file":"E:\\Project1\\FundDoNotes\\node_modules\\source-map-support\\source-map-support.js","function":"Module._compile","line":568,"method":"_compile","native":false},{"column":33,"file":"C:\\Users\\A1\\AppData\\Local\\Temp\\ts-node-dev-hook-8676087590250392.js","function":"Module.m._compile","line":69,"method":"_compile","native":false},{"column":10,"file":"node:internal/modules/cjs/loader","function":"Module._extensions..js","line":1548,"method":".js","native":false},{"column":20,"file":"C:\\Users\\A1\\AppData\\Local\\Temp\\ts-node-dev-hook-8676087590250392.js","function":"require.extensions..jsx.require.extensions..js","line":114,"method":".js","native":false},{"column":20,"file":"C:\\Users\\A1\\AppData\\Local\\Temp\\ts-node-dev-hook-8676087590250392.js","function":"require.extensions.<computed>","line":71,"method":"<computed>","native":false},{"column":13,"file":"E:\\Project1\\FundDoNotes\\node_modules\\ts-node-dev\\lib\\hook.js","function":"Object.nodeDevHook [as .ts]","line":63,"method":"ts]","native":false},{"column":32,"file":"node:internal/modules/cjs/loader","function":"Module.load","line":1288,"method":"load","native":false}]}
error: uncaughtException: Route.post() requires a callback function but got a [object Undefined]
Error: Route.post() requires a callback function but got a [object Undefined]
    at Route.<computed> [as post] (E:\Project1\FundDoNotes\node_modules\express\lib\router\route.js:216:15)
    at Function.proto.<computed> [as post] (E:\Project1\FundDoNotes\node_modules\express\lib\router\index.js:521:19)
    at UserRoutes.routes (E:\Project1\FundDoNotes\src\routes\user.route.ts:20:17)
    at new UserRoutes (E:\Project1\FundDoNotes\src\routes\user.route.ts:12:10)
    at routes (E:\Project1\FundDoNotes\src\routes\index.ts:15:24)
    at App.initializeRoutes (E:\Project1\FundDoNotes\src\index.ts:52:62)
    at new App (E:\Project1\FundDoNotes\src\index.ts:33:10)
    at Object.<anonymous> (E:\Project1\FundDoNotes\src\index.ts:74:13)
    at Module._compile (node:internal/modules/cjs/loader:1469:14)
    at Module._compile (E:\Project1\FundDoNotes\node_modules\source-map-support\source-map-support.js:568:25)
    at Module.m._compile (C:\Users\A1\AppData\Local\Temp\ts-node-dev-hook-8676087590250392.js:69:33)
    at Module._extensions..js (node:internal/modules/cjs/loader:1548:10)
    at require.extensions..jsx.require.extensions..js (C:\Users\A1\AppData\Local\Temp\ts-node-dev-hook-8676087590250392.js:114:20)
    at require.extensions.<computed> (C:\Users\A1\AppData\Local\Temp\ts-node-dev-hook-8676087590250392.js:71:20)
    at Object.nodeDevHook [as .ts] (E:\Project1\FundDoNotes\node_modules\ts-node-dev\lib\hook.js:63:13)
    at Module.load (node:internal/modules/cjs/loader:1288:32) {"date":"Thu Oct 17 2024 10:59:53 GMT+0530 (India Standard Time)","error":{},"exception":true,"os":{"loadavg":[0,0,0],"uptime":974.437},"process":{"argv":["C:\\Program Files\\nodejs\\node.exe","./src/index.ts"],"cwd":"E:\\Project1\\FundDoNotes","execPath":"C:\\Program Files\\nodejs\\node.exe","gid":null,"memoryUsage":{"arrayBuffers":18369455,"external":20629531,"heapTotal":37933056,"heapUsed":27105080,"rss":73633792},"pid":948,"uid":null,"version":"v20.17.0"},"stack":"Error: Route.post() requires a callback function but got a [object Undefined]\n    at Route.<computed> [as post] (E:\\Project1\\FundDoNotes\\node_modules\\express\\lib\\router\\route.js:216:15)\n    at Function.proto.<computed> [as post] (E:\\Project1\\FundDoNotes\\node_modules\\express\\lib\\router\\index.js:521:19)\n    at UserRoutes.routes (E:\\Project1\\FundDoNotes\\src\\routes\\user.route.ts:20:17)\n    at new UserRoutes (E:\\Project1\\FundDoNotes\\src\\routes\\user.route.ts:12:10)\n    at routes (E:\\Project1\\FundDoNotes\\src\\routes\\index.ts:15:24)\n    at App.initializeRoutes (E:\\Project1\\FundDoNotes\\src\\index.ts:52:62)\n    at new App (E:\\Project1\\FundDoNotes\\src\\index.ts:33:10)\n    at Object.<anonymous> (E:\\Project1\\FundDoNotes\\src\\index.ts:74:13)\n    at Module._compile (node:internal/modules/cjs/loader:1469:14)\n    at Module._compile (E:\\Project1\\FundDoNotes\\node_modules\\source-map-support\\source-map-support.js:568:25)\n    at Module.m._compile (C:\\Users\\A1\\AppData\\Local\\Temp\\ts-node-dev-hook-8676087590250392.js:69:33)\n    at Module._extensions..js (node:internal/modules/cjs/loader:1548:10)\n    at require.extensions..jsx.require.extensions..js (C:\\Users\\A1\\AppData\\Local\\Temp\\ts-node-dev-hook-8676087590250392.js:114:20)\n    at require.extensions.<computed> (C:\\Users\\A1\\AppData\\Local\\Temp\\ts-node-dev-hook-8676087590250392.js:71:20)\n    at Object.nodeDevHook [as .ts] (E:\\Project1\\FundDoNotes\\node_modules\\ts-node-dev\\lib\\hook.js:63:13)\n    at Module.load (node:internal/modules/cjs/loader:1288:32)","timestamp":"2024-10-17T05:29:53.627Z","trace":[{"column":15,"file":"E:\\Project1\\FundDoNotes\\node_modules\\express\\lib\\router\\route.js","function":"Route.<computed> [as post]","line":216,"method":"<computed> [as post]","native":false},{"column":19,"file":"E:\\Project1\\FundDoNotes\\node_modules\\express\\lib\\router\\index.js","function":"Function.proto.<computed> [as post]","line":521,"method":"<computed> [as post]","native":false},{"column":17,"file":"E:\\Project1\\FundDoNotes\\src\\routes\\user.route.ts","function":"UserRoutes.routes","line":20,"method":"routes","native":false},{"column":10,"file":"E:\\Project1\\FundDoNotes\\src\\routes\\user.route.ts","function":"new UserRoutes","line":12,"method":null,"native":false},{"column":24,"file":"E:\\Project1\\FundDoNotes\\src\\routes\\index.ts","function":"routes","line":15,"method":null,"native":false},{"column":62,"file":"E:\\Project1\\FundDoNotes\\src\\index.ts","function":"App.initializeRoutes","line":52,"method":"initializeRoutes","native":false},{"column":10,"file":"E:\\Project1\\FundDoNotes\\src\\index.ts","function":"new App","line":33,"method":null,"native":false},{"column":13,"file":"E:\\Project1\\FundDoNotes\\src\\index.ts","function":null,"line":74,"method":null,"native":false},{"column":14,"file":"node:internal/modules/cjs/loader","function":"Module._compile","line":1469,"method":"_compile","native":false},{"column":25,"file":"E:\\Project1\\FundDoNotes\\node_modules\\source-map-support\\source-map-support.js","function":"Module._compile","line":568,"method":"_compile","native":false},{"column":33,"file":"C:\\Users\\A1\\AppData\\Local\\Temp\\ts-node-dev-hook-8676087590250392.js","function":"Module.m._compile","line":69,"method":"_compile","native":false},{"column":10,"file":"node:internal/modules/cjs/loader","function":"Module._extensions..js","line":1548,"method":".js","native":false},{"column":20,"file":"C:\\Users\\A1\\AppData\\Local\\Temp\\ts-node-dev-hook-8676087590250392.js","function":"require.extensions..jsx.require.extensions..js","line":114,"method":".js","native":false},{"column":20,"file":"C:\\Users\\A1\\AppData\\Local\\Temp\\ts-node-dev-hook-8676087590250392.js","function":"require.extensions.<computed>","line":71,"method":"<computed>","native":false},{"column":13,"file":"E:\\Project1\\FundDoNotes\\node_modules\\ts-node-dev\\lib\\hook.js","function":"Object.nodeDevHook [as .ts]","line":63,"method":"ts]","native":false},{"column":32,"file":"node:internal/modules/cjs/loader","function":"Module.load","line":1288,"method":"load","native":false}]}
error: uncaughtException: Route.post() requires a callback function but got a [object Undefined]
Error: Route.post() requires a callback function but got a [object Undefined]
    at Route.<computed> [as post] (E:\Project1\FundDoNotes\node_modules\express\lib\router\route.js:216:15)
    at Function.proto.<computed> [as post] (E:\Project1\FundDoNotes\node_modules\express\lib\router\index.js:521:19)
    at UserRoutes.routes (E:\Project1\FundDoNotes\src\routes\user.route.ts:25:17)
    at new UserRoutes (E:\Project1\FundDoNotes\src\routes\user.route.ts:12:10)
    at routes (E:\Project1\FundDoNotes\src\routes\index.ts:15:24)
    at App.initializeRoutes (E:\Project1\FundDoNotes\src\index.ts:52:62)
    at new App (E:\Project1\FundDoNotes\src\index.ts:33:10)
    at Object.<anonymous> (E:\Project1\FundDoNotes\src\index.ts:74:13)
    at Module._compile (node:internal/modules/cjs/loader:1469:14)
    at Module._compile (E:\Project1\FundDoNotes\node_modules\source-map-support\source-map-support.js:568:25)
    at Module.m._compile (C:\Users\A1\AppData\Local\Temp\ts-node-dev-hook-8676087590250392.js:69:33)
    at Module._extensions..js (node:internal/modules/cjs/loader:1548:10)
    at require.extensions..jsx.require.extensions..js (C:\Users\A1\AppData\Local\Temp\ts-node-dev-hook-8676087590250392.js:114:20)
    at require.extensions.<computed> (C:\Users\A1\AppData\Local\Temp\ts-node-dev-hook-8676087590250392.js:71:20)
    at Object.nodeDevHook [as .ts] (E:\Project1\FundDoNotes\node_modules\ts-node-dev\lib\hook.js:63:13)
    at Module.load (node:internal/modules/cjs/loader:1288:32) {"date":"Thu Oct 17 2024 11:00:06 GMT+0530 (India Standard Time)","error":{},"exception":true,"os":{"loadavg":[0,0,0],"uptime":987.656},"process":{"argv":["C:\\Program Files\\nodejs\\node.exe","./src/index.ts"],"cwd":"E:\\Project1\\FundDoNotes","execPath":"C:\\Program Files\\nodejs\\node.exe","gid":null,"memoryUsage":{"arrayBuffers":18369455,"external":20629531,"heapTotal":37670912,"heapUsed":26829424,"rss":73510912},"pid":4316,"uid":null,"version":"v20.17.0"},"stack":"Error: Route.post() requires a callback function but got a [object Undefined]\n    at Route.<computed> [as post] (E:\\Project1\\FundDoNotes\\node_modules\\express\\lib\\router\\route.js:216:15)\n    at Function.proto.<computed> [as post] (E:\\Project1\\FundDoNotes\\node_modules\\express\\lib\\router\\index.js:521:19)\n    at UserRoutes.routes (E:\\Project1\\FundDoNotes\\src\\routes\\user.route.ts:25:17)\n    at new UserRoutes (E:\\Project1\\FundDoNotes\\src\\routes\\user.route.ts:12:10)\n    at routes (E:\\Project1\\FundDoNotes\\src\\routes\\index.ts:15:24)\n    at App.initializeRoutes (E:\\Project1\\FundDoNotes\\src\\index.ts:52:62)\n    at new App (E:\\Project1\\FundDoNotes\\src\\index.ts:33:10)\n    at Object.<anonymous> (E:\\Project1\\FundDoNotes\\src\\index.ts:74:13)\n    at Module._compile (node:internal/modules/cjs/loader:1469:14)\n    at Module._compile (E:\\Project1\\FundDoNotes\\node_modules\\source-map-support\\source-map-support.js:568:25)\n    at Module.m._compile (C:\\Users\\A1\\AppData\\Local\\Temp\\ts-node-dev-hook-8676087590250392.js:69:33)\n    at Module._extensions..js (node:internal/modules/cjs/loader:1548:10)\n    at require.extensions..jsx.require.extensions..js (C:\\Users\\A1\\AppData\\Local\\Temp\\ts-node-dev-hook-8676087590250392.js:114:20)\n    at require.extensions.<computed> (C:\\Users\\A1\\AppData\\Local\\Temp\\ts-node-dev-hook-8676087590250392.js:71:20)\n    at Object.nodeDevHook [as .ts] (E:\\Project1\\FundDoNotes\\node_modules\\ts-node-dev\\lib\\hook.js:63:13)\n    at Module.load (node:internal/modules/cjs/loader:1288:32)","timestamp":"2024-10-17T05:30:06.848Z","trace":[{"column":15,"file":"E:\\Project1\\FundDoNotes\\node_modules\\express\\lib\\router\\route.js","function":"Route.<computed> [as post]","line":216,"method":"<computed> [as post]","native":false},{"column":19,"file":"E:\\Project1\\FundDoNotes\\node_modules\\express\\lib\\router\\index.js","function":"Function.proto.<computed> [as post]","line":521,"method":"<computed> [as post]","native":false},{"column":17,"file":"E:\\Project1\\FundDoNotes\\src\\routes\\user.route.ts","function":"UserRoutes.routes","line":25,"method":"routes","native":false},{"column":10,"file":"E:\\Project1\\FundDoNotes\\src\\routes\\user.route.ts","function":"new UserRoutes","line":12,"method":null,"native":false},{"column":24,"file":"E:\\Project1\\FundDoNotes\\src\\routes\\index.ts","function":"routes","line":15,"method":null,"native":false},{"column":62,"file":"E:\\Project1\\FundDoNotes\\src\\index.ts","function":"App.initializeRoutes","line":52,"method":"initializeRoutes","native":false},{"column":10,"file":"E:\\Project1\\FundDoNotes\\src\\index.ts","function":"new App","line":33,"method":null,"native":false},{"column":13,"file":"E:\\Project1\\FundDoNotes\\src\\index.ts","function":null,"line":74,"method":null,"native":false},{"column":14,"file":"node:internal/modules/cjs/loader","function":"Module._compile","line":1469,"method":"_compile","native":false},{"column":25,"file":"E:\\Project1\\FundDoNotes\\node_modules\\source-map-support\\source-map-support.js","function":"Module._compile","line":568,"method":"_compile","native":false},{"column":33,"file":"C:\\Users\\A1\\AppData\\Local\\Temp\\ts-node-dev-hook-8676087590250392.js","function":"Module.m._compile","line":69,"method":"_compile","native":false},{"column":10,"file":"node:internal/modules/cjs/loader","function":"Module._extensions..js","line":1548,"method":".js","native":false},{"column":20,"file":"C:\\Users\\A1\\AppData\\Local\\Temp\\ts-node-dev-hook-8676087590250392.js","function":"require.extensions..jsx.require.extensions..js","line":114,"method":".js","native":false},{"column":20,"file":"C:\\Users\\A1\\AppData\\Local\\Temp\\ts-node-dev-hook-8676087590250392.js","function":"require.extensions.<computed>","line":71,"method":"<computed>","native":false},{"column":13,"file":"E:\\Project1\\FundDoNotes\\node_modules\\ts-node-dev\\lib\\hook.js","function":"Object.nodeDevHook [as .ts]","line":63,"method":"ts]","native":false},{"column":32,"file":"node:internal/modules/cjs/loader","function":"Module.load","line":1288,"method":"load","native":false}]}
error: uncaughtException: Route.post() requires a callback function but got a [object Undefined]
Error: Route.post() requires a callback function but got a [object Undefined]
    at Route.<computed> [as post] (E:\Project1\FundDoNotes\node_modules\express\lib\router\route.js:216:15)
    at Function.proto.<computed> [as post] (E:\Project1\FundDoNotes\node_modules\express\lib\router\index.js:521:19)
    at UserRoutes.routes (E:\Project1\FundDoNotes\src\routes\user.route.ts:25:17)
    at new UserRoutes (E:\Project1\FundDoNotes\src\routes\user.route.ts:12:10)
    at routes (E:\Project1\FundDoNotes\src\routes\index.ts:15:24)
    at App.initializeRoutes (E:\Project1\FundDoNotes\src\index.ts:52:62)
    at new App (E:\Project1\FundDoNotes\src\index.ts:33:10)
    at Object.<anonymous> (E:\Project1\FundDoNotes\src\index.ts:74:13)
    at Module._compile (node:internal/modules/cjs/loader:1469:14)
    at Module._compile (E:\Project1\FundDoNotes\node_modules\source-map-support\source-map-support.js:568:25)
    at Module.m._compile (C:\Users\A1\AppData\Local\Temp\ts-node-dev-hook-8676087590250392.js:69:33)
    at Module._extensions..js (node:internal/modules/cjs/loader:1548:10)
    at require.extensions..jsx.require.extensions..js (C:\Users\A1\AppData\Local\Temp\ts-node-dev-hook-8676087590250392.js:114:20)
    at require.extensions.<computed> (C:\Users\A1\AppData\Local\Temp\ts-node-dev-hook-8676087590250392.js:71:20)
    at Object.nodeDevHook [as .ts] (E:\Project1\FundDoNotes\node_modules\ts-node-dev\lib\hook.js:63:13)
    at Module.load (node:internal/modules/cjs/loader:1288:32) {"date":"Thu Oct 17 2024 11:00:11 GMT+0530 (India Standard Time)","error":{},"exception":true,"os":{"loadavg":[0,0,0],"uptime":992.64},"process":{"argv":["C:\\Program Files\\nodejs\\node.exe","./src/index.ts"],"cwd":"E:\\Project1\\FundDoNotes","execPath":"C:\\Program Files\\nodejs\\node.exe","gid":null,"memoryUsage":{"arrayBuffers":18369455,"external":20629531,"heapTotal":37670912,"heapUsed":26987608,"rss":73662464},"pid":4204,"uid":null,"version":"v20.17.0"},"stack":"Error: Route.post() requires a callback function but got a [object Undefined]\n    at Route.<computed> [as post] (E:\\Project1\\FundDoNotes\\node_modules\\express\\lib\\router\\route.js:216:15)\n    at Function.proto.<computed> [as post] (E:\\Project1\\FundDoNotes\\node_modules\\express\\lib\\router\\index.js:521:19)\n    at UserRoutes.routes (E:\\Project1\\FundDoNotes\\src\\routes\\user.route.ts:25:17)\n    at new UserRoutes (E:\\Project1\\FundDoNotes\\src\\routes\\user.route.ts:12:10)\n    at routes (E:\\Project1\\FundDoNotes\\src\\routes\\index.ts:15:24)\n    at App.initializeRoutes (E:\\Project1\\FundDoNotes\\src\\index.ts:52:62)\n    at new App (E:\\Project1\\FundDoNotes\\src\\index.ts:33:10)\n    at Object.<anonymous> (E:\\Project1\\FundDoNotes\\src\\index.ts:74:13)\n    at Module._compile (node:internal/modules/cjs/loader:1469:14)\n    at Module._compile (E:\\Project1\\FundDoNotes\\node_modules\\source-map-support\\source-map-support.js:568:25)\n    at Module.m._compile (C:\\Users\\A1\\AppData\\Local\\Temp\\ts-node-dev-hook-8676087590250392.js:69:33)\n    at Module._extensions..js (node:internal/modules/cjs/loader:1548:10)\n    at require.extensions..jsx.require.extensions..js (C:\\Users\\A1\\AppData\\Local\\Temp\\ts-node-dev-hook-8676087590250392.js:114:20)\n    at require.extensions.<computed> (C:\\Users\\A1\\AppData\\Local\\Temp\\ts-node-dev-hook-8676087590250392.js:71:20)\n    at Object.nodeDevHook [as .ts] (E:\\Project1\\FundDoNotes\\node_modules\\ts-node-dev\\lib\\hook.js:63:13)\n    at Module.load (node:internal/modules/cjs/loader:1288:32)","timestamp":"2024-10-17T05:30:11.827Z","trace":[{"column":15,"file":"E:\\Project1\\FundDoNotes\\node_modules\\express\\lib\\router\\route.js","function":"Route.<computed> [as post]","line":216,"method":"<computed> [as post]","native":false},{"column":19,"file":"E:\\Project1\\FundDoNotes\\node_modules\\express\\lib\\router\\index.js","function":"Function.proto.<computed> [as post]","line":521,"method":"<computed> [as post]","native":false},{"column":17,"file":"E:\\Project1\\FundDoNotes\\src\\routes\\user.route.ts","function":"UserRoutes.routes","line":25,"method":"routes","native":false},{"column":10,"file":"E:\\Project1\\FundDoNotes\\src\\routes\\user.route.ts","function":"new UserRoutes","line":12,"method":null,"native":false},{"column":24,"file":"E:\\Project1\\FundDoNotes\\src\\routes\\index.ts","function":"routes","line":15,"method":null,"native":false},{"column":62,"file":"E:\\Project1\\FundDoNotes\\src\\index.ts","function":"App.initializeRoutes","line":52,"method":"initializeRoutes","native":false},{"column":10,"file":"E:\\Project1\\FundDoNotes\\src\\index.ts","function":"new App","line":33,"method":null,"native":false},{"column":13,"file":"E:\\Project1\\FundDoNotes\\src\\index.ts","function":null,"line":74,"method":null,"native":false},{"column":14,"file":"node:internal/modules/cjs/loader","function":"Module._compile","line":1469,"method":"_compile","native":false},{"column":25,"file":"E:\\Project1\\FundDoNotes\\node_modules\\source-map-support\\source-map-support.js","function":"Module._compile","line":568,"method":"_compile","native":false},{"column":33,"file":"C:\\Users\\A1\\AppData\\Local\\Temp\\ts-node-dev-hook-8676087590250392.js","function":"Module.m._compile","line":69,"method":"_compile","native":false},{"column":10,"file":"node:internal/modules/cjs/loader","function":"Module._extensions..js","line":1548,"method":".js","native":false},{"column":20,"file":"C:\\Users\\A1\\AppData\\Local\\Temp\\ts-node-dev-hook-8676087590250392.js","function":"require.extensions..jsx.require.extensions..js","line":114,"method":".js","native":false},{"column":20,"file":"C:\\Users\\A1\\AppData\\Local\\Temp\\ts-node-dev-hook-8676087590250392.js","function":"require.extensions.<computed>","line":71,"method":"<computed>","native":false},{"column":13,"file":"E:\\Project1\\FundDoNotes\\node_modules\\ts-node-dev\\lib\\hook.js","function":"Object.nodeDevHook [as .ts]","line":63,"method":"ts]","native":false},{"column":32,"file":"node:internal/modules/cjs/loader","function":"Module.load","line":1288,"method":"load","native":false}]}
error: uncaughtException: Route.post() requires a callback function but got a [object Undefined]
Error: Route.post() requires a callback function but got a [object Undefined]
    at Route.<computed> [as post] (E:\Project1\FundDoNotes\node_modules\express\lib\router\route.js:216:15)
    at Function.proto.<computed> [as post] (E:\Project1\FundDoNotes\node_modules\express\lib\router\index.js:521:19)
    at UserRoutes.routes (E:\Project1\FundDoNotes\src\routes\user.route.ts:25:17)
    at new UserRoutes (E:\Project1\FundDoNotes\src\routes\user.route.ts:12:10)
    at routes (E:\Project1\FundDoNotes\src\routes\index.ts:15:24)
    at App.initializeRoutes (E:\Project1\FundDoNotes\src\index.ts:52:62)
    at new App (E:\Project1\FundDoNotes\src\index.ts:33:10)
    at Object.<anonymous> (E:\Project1\FundDoNotes\src\index.ts:74:13)
    at Module._compile (node:internal/modules/cjs/loader:1469:14)
    at Module._compile (E:\Project1\FundDoNotes\node_modules\source-map-support\source-map-support.js:568:25)
    at Module.m._compile (C:\Users\A1\AppData\Local\Temp\ts-node-dev-hook-8676087590250392.js:69:33)
    at Module._extensions..js (node:internal/modules/cjs/loader:1548:10)
    at require.extensions..jsx.require.extensions..js (C:\Users\A1\AppData\Local\Temp\ts-node-dev-hook-8676087590250392.js:114:20)
    at require.extensions.<computed> (C:\Users\A1\AppData\Local\Temp\ts-node-dev-hook-8676087590250392.js:71:20)
    at Object.nodeDevHook [as .ts] (E:\Project1\FundDoNotes\node_modules\ts-node-dev\lib\hook.js:63:13)
    at Module.load (node:internal/modules/cjs/loader:1288:32) {"date":"Thu Oct 17 2024 11:00:15 GMT+0530 (India Standard Time)","error":{},"exception":true,"os":{"loadavg":[0,0,0],"uptime":996.609},"process":{"argv":["C:\\Program Files\\nodejs\\node.exe","./src/index.ts"],"cwd":"E:\\Project1\\FundDoNotes","execPath":"C:\\Program Files\\nodejs\\node.exe","gid":null,"memoryUsage":{"arrayBuffers":18369455,"external":20629531,"heapTotal":37933056,"heapUsed":26997568,"rss":73342976},"pid":14720,"uid":null,"version":"v20.17.0"},"stack":"Error: Route.post() requires a callback function but got a [object Undefined]\n    at Route.<computed> [as post] (E:\\Project1\\FundDoNotes\\node_modules\\express\\lib\\router\\route.js:216:15)\n    at Function.proto.<computed> [as post] (E:\\Project1\\FundDoNotes\\node_modules\\express\\lib\\router\\index.js:521:19)\n    at UserRoutes.routes (E:\\Project1\\FundDoNotes\\src\\routes\\user.route.ts:25:17)\n    at new UserRoutes (E:\\Project1\\FundDoNotes\\src\\routes\\user.route.ts:12:10)\n    at routes (E:\\Project1\\FundDoNotes\\src\\routes\\index.ts:15:24)\n    at App.initializeRoutes (E:\\Project1\\FundDoNotes\\src\\index.ts:52:62)\n    at new App (E:\\Project1\\FundDoNotes\\src\\index.ts:33:10)\n    at Object.<anonymous> (E:\\Project1\\FundDoNotes\\src\\index.ts:74:13)\n    at Module._compile (node:internal/modules/cjs/loader:1469:14)\n    at Module._compile (E:\\Project1\\FundDoNotes\\node_modules\\source-map-support\\source-map-support.js:568:25)\n    at Module.m._compile (C:\\Users\\A1\\AppData\\Local\\Temp\\ts-node-dev-hook-8676087590250392.js:69:33)\n    at Module._extensions..js (node:internal/modules/cjs/loader:1548:10)\n    at require.extensions..jsx.require.extensions..js (C:\\Users\\A1\\AppData\\Local\\Temp\\ts-node-dev-hook-8676087590250392.js:114:20)\n    at require.extensions.<computed> (C:\\Users\\A1\\AppData\\Local\\Temp\\ts-node-dev-hook-8676087590250392.js:71:20)\n    at Object.nodeDevHook [as .ts] (E:\\Project1\\FundDoNotes\\node_modules\\ts-node-dev\\lib\\hook.js:63:13)\n    at Module.load (node:internal/modules/cjs/loader:1288:32)","timestamp":"2024-10-17T05:30:15.787Z","trace":[{"column":15,"file":"E:\\Project1\\FundDoNotes\\node_modules\\express\\lib\\router\\route.js","function":"Route.<computed> [as post]","line":216,"method":"<computed> [as post]","native":false},{"column":19,"file":"E:\\Project1\\FundDoNotes\\node_modules\\express\\lib\\router\\index.js","function":"Function.proto.<computed> [as post]","line":521,"method":"<computed> [as post]","native":false},{"column":17,"file":"E:\\Project1\\FundDoNotes\\src\\routes\\user.route.ts","function":"UserRoutes.routes","line":25,"method":"routes","native":false},{"column":10,"file":"E:\\Project1\\FundDoNotes\\src\\routes\\user.route.ts","function":"new UserRoutes","line":12,"method":null,"native":false},{"column":24,"file":"E:\\Project1\\FundDoNotes\\src\\routes\\index.ts","function":"routes","line":15,"method":null,"native":false},{"column":62,"file":"E:\\Project1\\FundDoNotes\\src\\index.ts","function":"App.initializeRoutes","line":52,"method":"initializeRoutes","native":false},{"column":10,"file":"E:\\Project1\\FundDoNotes\\src\\index.ts","function":"new App","line":33,"method":null,"native":false},{"column":13,"file":"E:\\Project1\\FundDoNotes\\src\\index.ts","function":null,"line":74,"method":null,"native":false},{"column":14,"file":"node:internal/modules/cjs/loader","function":"Module._compile","line":1469,"method":"_compile","native":false},{"column":25,"file":"E:\\Project1\\FundDoNotes\\node_modules\\source-map-support\\source-map-support.js","function":"Module._compile","line":568,"method":"_compile","native":false},{"column":33,"file":"C:\\Users\\A1\\AppData\\Local\\Temp\\ts-node-dev-hook-8676087590250392.js","function":"Module.m._compile","line":69,"method":"_compile","native":false},{"column":10,"file":"node:internal/modules/cjs/loader","function":"Module._extensions..js","line":1548,"method":".js","native":false},{"column":20,"file":"C:\\Users\\A1\\AppData\\Local\\Temp\\ts-node-dev-hook-8676087590250392.js","function":"require.extensions..jsx.require.extensions..js","line":114,"method":".js","native":false},{"column":20,"file":"C:\\Users\\A1\\AppData\\Local\\Temp\\ts-node-dev-hook-8676087590250392.js","function":"require.extensions.<computed>","line":71,"method":"<computed>","native":false},{"column":13,"file":"E:\\Project1\\FundDoNotes\\node_modules\\ts-node-dev\\lib\\hook.js","function":"Object.nodeDevHook [as .ts]","line":63,"method":"ts]","native":false},{"column":32,"file":"node:internal/modules/cjs/loader","function":"Module.load","line":1288,"method":"load","native":false}]}
error: uncaughtException: Route.post() requires a callback function but got a [object Undefined]
Error: Route.post() requires a callback function but got a [object Undefined]
    at Route.<computed> [as post] (E:\Project1\FundDoNotes\node_modules\express\lib\router\route.js:216:15)
    at Function.proto.<computed> [as post] (E:\Project1\FundDoNotes\node_modules\express\lib\router\index.js:521:19)
    at UserRoutes.routes (E:\Project1\FundDoNotes\src\routes\user.route.ts:25:17)
    at new UserRoutes (E:\Project1\FundDoNotes\src\routes\user.route.ts:12:10)
    at routes (E:\Project1\FundDoNotes\src\routes\index.ts:15:24)
    at App.initializeRoutes (E:\Project1\FundDoNotes\src\index.ts:52:62)
    at new App (E:\Project1\FundDoNotes\src\index.ts:33:10)
    at Object.<anonymous> (E:\Project1\FundDoNotes\src\index.ts:74:13)
    at Module._compile (node:internal/modules/cjs/loader:1469:14)
    at Module._compile (E:\Project1\FundDoNotes\node_modules\source-map-support\source-map-support.js:568:25)
    at Module.m._compile (C:\Users\A1\AppData\Local\Temp\ts-node-dev-hook-8676087590250392.js:69:33)
    at Module._extensions..js (node:internal/modules/cjs/loader:1548:10)
    at require.extensions..jsx.require.extensions..js (C:\Users\A1\AppData\Local\Temp\ts-node-dev-hook-8676087590250392.js:114:20)
    at require.extensions.<computed> (C:\Users\A1\AppData\Local\Temp\ts-node-dev-hook-8676087590250392.js:71:20)
    at Object.nodeDevHook [as .ts] (E:\Project1\FundDoNotes\node_modules\ts-node-dev\lib\hook.js:63:13)
    at Module.load (node:internal/modules/cjs/loader:1288:32) {"date":"Thu Oct 17 2024 11:00:39 GMT+0530 (India Standard Time)","error":{},"exception":true,"os":{"loadavg":[0,0,0],"uptime":1019.984},"process":{"argv":["C:\\Program Files\\nodejs\\node.exe","./src/index.ts"],"cwd":"E:\\Project1\\FundDoNotes","execPath":"C:\\Program Files\\nodejs\\node.exe","gid":null,"memoryUsage":{"arrayBuffers":18369455,"external":20629531,"heapTotal":37933056,"heapUsed":26563768,"rss":73261056},"pid":16192,"uid":null,"version":"v20.17.0"},"stack":"Error: Route.post() requires a callback function but got a [object Undefined]\n    at Route.<computed> [as post] (E:\\Project1\\FundDoNotes\\node_modules\\express\\lib\\router\\route.js:216:15)\n    at Function.proto.<computed> [as post] (E:\\Project1\\FundDoNotes\\node_modules\\express\\lib\\router\\index.js:521:19)\n    at UserRoutes.routes (E:\\Project1\\FundDoNotes\\src\\routes\\user.route.ts:25:17)\n    at new UserRoutes (E:\\Project1\\FundDoNotes\\src\\routes\\user.route.ts:12:10)\n    at routes (E:\\Project1\\FundDoNotes\\src\\routes\\index.ts:15:24)\n    at App.initializeRoutes (E:\\Project1\\FundDoNotes\\src\\index.ts:52:62)\n    at new App (E:\\Project1\\FundDoNotes\\src\\index.ts:33:10)\n    at Object.<anonymous> (E:\\Project1\\FundDoNotes\\src\\index.ts:74:13)\n    at Module._compile (node:internal/modules/cjs/loader:1469:14)\n    at Module._compile (E:\\Project1\\FundDoNotes\\node_modules\\source-map-support\\source-map-support.js:568:25)\n    at Module.m._compile (C:\\Users\\A1\\AppData\\Local\\Temp\\ts-node-dev-hook-8676087590250392.js:69:33)\n    at Module._extensions..js (node:internal/modules/cjs/loader:1548:10)\n    at require.extensions..jsx.require.extensions..js (C:\\Users\\A1\\AppData\\Local\\Temp\\ts-node-dev-hook-8676087590250392.js:114:20)\n    at require.extensions.<computed> (C:\\Users\\A1\\AppData\\Local\\Temp\\ts-node-dev-hook-8676087590250392.js:71:20)\n    at Object.nodeDevHook [as .ts] (E:\\Project1\\FundDoNotes\\node_modules\\ts-node-dev\\lib\\hook.js:63:13)\n    at Module.load (node:internal/modules/cjs/loader:1288:32)","timestamp":"2024-10-17T05:30:39.175Z","trace":[{"column":15,"file":"E:\\Project1\\FundDoNotes\\node_modules\\express\\lib\\router\\route.js","function":"Route.<computed> [as post]","line":216,"method":"<computed> [as post]","native":false},{"column":19,"file":"E:\\Project1\\FundDoNotes\\node_modules\\express\\lib\\router\\index.js","function":"Function.proto.<computed> [as post]","line":521,"method":"<computed> [as post]","native":false},{"column":17,"file":"E:\\Project1\\FundDoNotes\\src\\routes\\user.route.ts","function":"UserRoutes.routes","line":25,"method":"routes","native":false},{"column":10,"file":"E:\\Project1\\FundDoNotes\\src\\routes\\user.route.ts","function":"new UserRoutes","line":12,"method":null,"native":false},{"column":24,"file":"E:\\Project1\\FundDoNotes\\src\\routes\\index.ts","function":"routes","line":15,"method":null,"native":false},{"column":62,"file":"E:\\Project1\\FundDoNotes\\src\\index.ts","function":"App.initializeRoutes","line":52,"method":"initializeRoutes","native":false},{"column":10,"file":"E:\\Project1\\FundDoNotes\\src\\index.ts","function":"new App","line":33,"method":null,"native":false},{"column":13,"file":"E:\\Project1\\FundDoNotes\\src\\index.ts","function":null,"line":74,"method":null,"native":false},{"column":14,"file":"node:internal/modules/cjs/loader","function":"Module._compile","line":1469,"method":"_compile","native":false},{"column":25,"file":"E:\\Project1\\FundDoNotes\\node_modules\\source-map-support\\source-map-support.js","function":"Module._compile","line":568,"method":"_compile","native":false},{"column":33,"file":"C:\\Users\\A1\\AppData\\Local\\Temp\\ts-node-dev-hook-8676087590250392.js","function":"Module.m._compile","line":69,"method":"_compile","native":false},{"column":10,"file":"node:internal/modules/cjs/loader","function":"Module._extensions..js","line":1548,"method":".js","native":false},{"column":20,"file":"C:\\Users\\A1\\AppData\\Local\\Temp\\ts-node-dev-hook-8676087590250392.js","function":"require.extensions..jsx.require.extensions..js","line":114,"method":".js","native":false},{"column":20,"file":"C:\\Users\\A1\\AppData\\Local\\Temp\\ts-node-dev-hook-8676087590250392.js","function":"require.extensions.<computed>","line":71,"method":"<computed>","native":false},{"column":13,"file":"E:\\Project1\\FundDoNotes\\node_modules\\ts-node-dev\\lib\\hook.js","function":"Object.nodeDevHook [as .ts]","line":63,"method":"ts]","native":false},{"column":32,"file":"node:internal/modules/cjs/loader","function":"Module.load","line":1288,"method":"load","native":false}]}
error: uncaughtException: Route.post() requires a callback function but got a [object Undefined]
Error: Route.post() requires a callback function but got a [object Undefined]
    at Route.<computed> [as post] (E:\Project1\FundDoNotes\node_modules\express\lib\router\route.js:216:15)
    at Function.proto.<computed> [as post] (E:\Project1\FundDoNotes\node_modules\express\lib\router\index.js:521:19)
    at UserRoutes.routes (E:\Project1\FundDoNotes\src\routes\user.route.ts:25:17)
    at new UserRoutes (E:\Project1\FundDoNotes\src\routes\user.route.ts:12:10)
    at routes (E:\Project1\FundDoNotes\src\routes\index.ts:15:24)
    at App.initializeRoutes (E:\Project1\FundDoNotes\src\index.ts:52:62)
    at new App (E:\Project1\FundDoNotes\src\index.ts:33:10)
    at Object.<anonymous> (E:\Project1\FundDoNotes\src\index.ts:74:13)
    at Module._compile (node:internal/modules/cjs/loader:1469:14)
    at Module._compile (E:\Project1\FundDoNotes\node_modules\source-map-support\source-map-support.js:568:25)
    at Module.m._compile (C:\Users\A1\AppData\Local\Temp\ts-node-dev-hook-8676087590250392.js:69:33)
    at Module._extensions..js (node:internal/modules/cjs/loader:1548:10)
    at require.extensions..jsx.require.extensions..js (C:\Users\A1\AppData\Local\Temp\ts-node-dev-hook-8676087590250392.js:114:20)
    at require.extensions.<computed> (C:\Users\A1\AppData\Local\Temp\ts-node-dev-hook-8676087590250392.js:71:20)
    at Object.nodeDevHook [as .ts] (E:\Project1\FundDoNotes\node_modules\ts-node-dev\lib\hook.js:63:13)
    at Module.load (node:internal/modules/cjs/loader:1288:32) {"date":"Thu Oct 17 2024 11:00:52 GMT+0530 (India Standard Time)","error":{},"exception":true,"os":{"loadavg":[0,0,0],"uptime":1033.078},"process":{"argv":["C:\\Program Files\\nodejs\\node.exe","./src/index.ts"],"cwd":"E:\\Project1\\FundDoNotes","execPath":"C:\\Program Files\\nodejs\\node.exe","gid":null,"memoryUsage":{"arrayBuffers":18369455,"external":20629531,"heapTotal":37670912,"heapUsed":26763160,"rss":73195520},"pid":9668,"uid":null,"version":"v20.17.0"},"stack":"Error: Route.post() requires a callback function but got a [object Undefined]\n    at Route.<computed> [as post] (E:\\Project1\\FundDoNotes\\node_modules\\express\\lib\\router\\route.js:216:15)\n    at Function.proto.<computed> [as post] (E:\\Project1\\FundDoNotes\\node_modules\\express\\lib\\router\\index.js:521:19)\n    at UserRoutes.routes (E:\\Project1\\FundDoNotes\\src\\routes\\user.route.ts:25:17)\n    at new UserRoutes (E:\\Project1\\FundDoNotes\\src\\routes\\user.route.ts:12:10)\n    at routes (E:\\Project1\\FundDoNotes\\src\\routes\\index.ts:15:24)\n    at App.initializeRoutes (E:\\Project1\\FundDoNotes\\src\\index.ts:52:62)\n    at new App (E:\\Project1\\FundDoNotes\\src\\index.ts:33:10)\n    at Object.<anonymous> (E:\\Project1\\FundDoNotes\\src\\index.ts:74:13)\n    at Module._compile (node:internal/modules/cjs/loader:1469:14)\n    at Module._compile (E:\\Project1\\FundDoNotes\\node_modules\\source-map-support\\source-map-support.js:568:25)\n    at Module.m._compile (C:\\Users\\A1\\AppData\\Local\\Temp\\ts-node-dev-hook-8676087590250392.js:69:33)\n    at Module._extensions..js (node:internal/modules/cjs/loader:1548:10)\n    at require.extensions..jsx.require.extensions..js (C:\\Users\\A1\\AppData\\Local\\Temp\\ts-node-dev-hook-8676087590250392.js:114:20)\n    at require.extensions.<computed> (C:\\Users\\A1\\AppData\\Local\\Temp\\ts-node-dev-hook-8676087590250392.js:71:20)\n    at Object.nodeDevHook [as .ts] (E:\\Project1\\FundDoNotes\\node_modules\\ts-node-dev\\lib\\hook.js:63:13)\n    at Module.load (node:internal/modules/cjs/loader:1288:32)","timestamp":"2024-10-17T05:30:52.261Z","trace":[{"column":15,"file":"E:\\Project1\\FundDoNotes\\node_modules\\express\\lib\\router\\route.js","function":"Route.<computed> [as post]","line":216,"method":"<computed> [as post]","native":false},{"column":19,"file":"E:\\Project1\\FundDoNotes\\node_modules\\express\\lib\\router\\index.js","function":"Function.proto.<computed> [as post]","line":521,"method":"<computed> [as post]","native":false},{"column":17,"file":"E:\\Project1\\FundDoNotes\\src\\routes\\user.route.ts","function":"UserRoutes.routes","line":25,"method":"routes","native":false},{"column":10,"file":"E:\\Project1\\FundDoNotes\\src\\routes\\user.route.ts","function":"new UserRoutes","line":12,"method":null,"native":false},{"column":24,"file":"E:\\Project1\\FundDoNotes\\src\\routes\\index.ts","function":"routes","line":15,"method":null,"native":false},{"column":62,"file":"E:\\Project1\\FundDoNotes\\src\\index.ts","function":"App.initializeRoutes","line":52,"method":"initializeRoutes","native":false},{"column":10,"file":"E:\\Project1\\FundDoNotes\\src\\index.ts","function":"new App","line":33,"method":null,"native":false},{"column":13,"file":"E:\\Project1\\FundDoNotes\\src\\index.ts","function":null,"line":74,"method":null,"native":false},{"column":14,"file":"node:internal/modules/cjs/loader","function":"Module._compile","line":1469,"method":"_compile","native":false},{"column":25,"file":"E:\\Project1\\FundDoNotes\\node_modules\\source-map-support\\source-map-support.js","function":"Module._compile","line":568,"method":"_compile","native":false},{"column":33,"file":"C:\\Users\\A1\\AppData\\Local\\Temp\\ts-node-dev-hook-8676087590250392.js","function":"Module.m._compile","line":69,"method":"_compile","native":false},{"column":10,"file":"node:internal/modules/cjs/loader","function":"Module._extensions..js","line":1548,"method":".js","native":false},{"column":20,"file":"C:\\Users\\A1\\AppData\\Local\\Temp\\ts-node-dev-hook-8676087590250392.js","function":"require.extensions..jsx.require.extensions..js","line":114,"method":".js","native":false},{"column":20,"file":"C:\\Users\\A1\\AppData\\Local\\Temp\\ts-node-dev-hook-8676087590250392.js","function":"require.extensions.<computed>","line":71,"method":"<computed>","native":false},{"column":13,"file":"E:\\Project1\\FundDoNotes\\node_modules\\ts-node-dev\\lib\\hook.js","function":"Object.nodeDevHook [as .ts]","line":63,"method":"ts]","native":false},{"column":32,"file":"node:internal/modules/cjs/loader","function":"Module.load","line":1288,"method":"load","native":false}]}
error: uncaughtException: async is not defined
ReferenceError: async is not defined
    at new UserService (E:\Project1\FundDoNotes\src\services\user.service.ts:25:20)
    at new UserController (E:\Project1\FundDoNotes\src\controllers\user.controller.ts:9:24)
    at new UserRoutes (E:\Project1\FundDoNotes\src\routes\user.route.ts:7:28)
    at routes (E:\Project1\FundDoNotes\src\routes\index.ts:15:24)
    at App.initializeRoutes (E:\Project1\FundDoNotes\src\index.ts:52:62)
    at new App (E:\Project1\FundDoNotes\src\index.ts:33:10)
    at Object.<anonymous> (E:\Project1\FundDoNotes\src\index.ts:74:13)
    at Module._compile (node:internal/modules/cjs/loader:1469:14)
    at Module._compile (E:\Project1\FundDoNotes\node_modules\source-map-support\source-map-support.js:568:25)
    at Module.m._compile (C:\Users\A1\AppData\Local\Temp\ts-node-dev-hook-8676087590250392.js:69:33)
    at Module._extensions..js (node:internal/modules/cjs/loader:1548:10)
    at require.extensions..jsx.require.extensions..js (C:\Users\A1\AppData\Local\Temp\ts-node-dev-hook-8676087590250392.js:114:20)
    at require.extensions.<computed> (C:\Users\A1\AppData\Local\Temp\ts-node-dev-hook-8676087590250392.js:71:20)
    at Object.nodeDevHook [as .ts] (E:\Project1\FundDoNotes\node_modules\ts-node-dev\lib\hook.js:63:13)
    at Module.load (node:internal/modules/cjs/loader:1288:32)
    at Function.Module._load (node:internal/modules/cjs/loader:1104:12) {"date":"Thu Oct 17 2024 11:02:08 GMT+0530 (India Standard Time)","error":{},"exception":true,"os":{"loadavg":[0,0,0],"uptime":1109.312},"process":{"argv":["C:\\Program Files\\nodejs\\node.exe","./src/index.ts"],"cwd":"E:\\Project1\\FundDoNotes","execPath":"C:\\Program Files\\nodejs\\node.exe","gid":null,"memoryUsage":{"arrayBuffers":18376758,"external":20636875,"heapTotal":37933056,"heapUsed":27256216,"rss":73928704},"pid":4920,"uid":null,"version":"v20.17.0"},"stack":"ReferenceError: async is not defined\n    at new UserService (E:\\Project1\\FundDoNotes\\src\\services\\user.service.ts:25:20)\n    at new UserController (E:\\Project1\\FundDoNotes\\src\\controllers\\user.controller.ts:9:24)\n    at new UserRoutes (E:\\Project1\\FundDoNotes\\src\\routes\\user.route.ts:7:28)\n    at routes (E:\\Project1\\FundDoNotes\\src\\routes\\index.ts:15:24)\n    at App.initializeRoutes (E:\\Project1\\FundDoNotes\\src\\index.ts:52:62)\n    at new App (E:\\Project1\\FundDoNotes\\src\\index.ts:33:10)\n    at Object.<anonymous> (E:\\Project1\\FundDoNotes\\src\\index.ts:74:13)\n    at Module._compile (node:internal/modules/cjs/loader:1469:14)\n    at Module._compile (E:\\Project1\\FundDoNotes\\node_modules\\source-map-support\\source-map-support.js:568:25)\n    at Module.m._compile (C:\\Users\\A1\\AppData\\Local\\Temp\\ts-node-dev-hook-8676087590250392.js:69:33)\n    at Module._extensions..js (node:internal/modules/cjs/loader:1548:10)\n    at require.extensions..jsx.require.extensions..js (C:\\Users\\A1\\AppData\\Local\\Temp\\ts-node-dev-hook-8676087590250392.js:114:20)\n    at require.extensions.<computed> (C:\\Users\\A1\\AppData\\Local\\Temp\\ts-node-dev-hook-8676087590250392.js:71:20)\n    at Object.nodeDevHook [as .ts] (E:\\Project1\\FundDoNotes\\node_modules\\ts-node-dev\\lib\\hook.js:63:13)\n    at Module.load (node:internal/modules/cjs/loader:1288:32)\n    at Function.Module._load (node:internal/modules/cjs/loader:1104:12)","timestamp":"2024-10-17T05:32:08.490Z","trace":[{"column":20,"file":"E:\\Project1\\FundDoNotes\\src\\services\\user.service.ts","function":"new UserService","line":25,"method":null,"native":false},{"column":24,"file":"E:\\Project1\\FundDoNotes\\src\\controllers\\user.controller.ts","function":"new UserController","line":9,"method":null,"native":false},{"column":28,"file":"E:\\Project1\\FundDoNotes\\src\\routes\\user.route.ts","function":"new UserRoutes","line":7,"method":null,"native":false},{"column":24,"file":"E:\\Project1\\FundDoNotes\\src\\routes\\index.ts","function":"routes","line":15,"method":null,"native":false},{"column":62,"file":"E:\\Project1\\FundDoNotes\\src\\index.ts","function":"App.initializeRoutes","line":52,"method":"initializeRoutes","native":false},{"column":10,"file":"E:\\Project1\\FundDoNotes\\src\\index.ts","function":"new App","line":33,"method":null,"native":false},{"column":13,"file":"E:\\Project1\\FundDoNotes\\src\\index.ts","function":null,"line":74,"method":null,"native":false},{"column":14,"file":"node:internal/modules/cjs/loader","function":"Module._compile","line":1469,"method":"_compile","native":false},{"column":25,"file":"E:\\Project1\\FundDoNotes\\node_modules\\source-map-support\\source-map-support.js","function":"Module._compile","line":568,"method":"_compile","native":false},{"column":33,"file":"C:\\Users\\A1\\AppData\\Local\\Temp\\ts-node-dev-hook-8676087590250392.js","function":"Module.m._compile","line":69,"method":"_compile","native":false},{"column":10,"file":"node:internal/modules/cjs/loader","function":"Module._extensions..js","line":1548,"method":".js","native":false},{"column":20,"file":"C:\\Users\\A1\\AppData\\Local\\Temp\\ts-node-dev-hook-8676087590250392.js","function":"require.extensions..jsx.require.extensions..js","line":114,"method":".js","native":false},{"column":20,"file":"C:\\Users\\A1\\AppData\\Local\\Temp\\ts-node-dev-hook-8676087590250392.js","function":"require.extensions.<computed>","line":71,"method":"<computed>","native":false},{"column":13,"file":"E:\\Project1\\FundDoNotes\\node_modules\\ts-node-dev\\lib\\hook.js","function":"Object.nodeDevHook [as .ts]","line":63,"method":"ts]","native":false},{"column":32,"file":"node:internal/modules/cjs/loader","function":"Module.load","line":1288,"method":"load","native":false},{"column":12,"file":"node:internal/modules/cjs/loader","function":"Module._load","line":1104,"method":"_load","native":false}]}
error: uncaughtException: async is not defined
ReferenceError: async is not defined
    at new UserService (E:\Project1\FundDoNotes\src\services\user.service.ts:25:10)
    at new UserController (E:\Project1\FundDoNotes\src\controllers\user.controller.ts:9:24)
    at new UserRoutes (E:\Project1\FundDoNotes\src\routes\user.route.ts:7:28)
    at routes (E:\Project1\FundDoNotes\src\routes\index.ts:15:24)
    at App.initializeRoutes (E:\Project1\FundDoNotes\src\index.ts:52:62)
    at new App (E:\Project1\FundDoNotes\src\index.ts:33:10)
    at Object.<anonymous> (E:\Project1\FundDoNotes\src\index.ts:74:13)
    at Module._compile (node:internal/modules/cjs/loader:1469:14)
    at Module._compile (E:\Project1\FundDoNotes\node_modules\source-map-support\source-map-support.js:568:25)
    at Module.m._compile (C:\Users\A1\AppData\Local\Temp\ts-node-dev-hook-8676087590250392.js:69:33)
    at Module._extensions..js (node:internal/modules/cjs/loader:1548:10)
    at require.extensions..jsx.require.extensions..js (C:\Users\A1\AppData\Local\Temp\ts-node-dev-hook-8676087590250392.js:114:20)
    at require.extensions.<computed> (C:\Users\A1\AppData\Local\Temp\ts-node-dev-hook-8676087590250392.js:71:20)
    at Object.nodeDevHook [as .ts] (E:\Project1\FundDoNotes\node_modules\ts-node-dev\lib\hook.js:63:13)
    at Module.load (node:internal/modules/cjs/loader:1288:32)
    at Function.Module._load (node:internal/modules/cjs/loader:1104:12) {"date":"Thu Oct 17 2024 11:02:12 GMT+0530 (India Standard Time)","error":{},"exception":true,"os":{"loadavg":[0,0,0],"uptime":1113.234},"process":{"argv":["C:\\Program Files\\nodejs\\node.exe","./src/index.ts"],"cwd":"E:\\Project1\\FundDoNotes","execPath":"C:\\Program Files\\nodejs\\node.exe","gid":null,"memoryUsage":{"arrayBuffers":18376758,"external":20636875,"heapTotal":37933056,"heapUsed":26823960,"rss":74203136},"pid":680,"uid":null,"version":"v20.17.0"},"stack":"ReferenceError: async is not defined\n    at new UserService (E:\\Project1\\FundDoNotes\\src\\services\\user.service.ts:25:10)\n    at new UserController (E:\\Project1\\FundDoNotes\\src\\controllers\\user.controller.ts:9:24)\n    at new UserRoutes (E:\\Project1\\FundDoNotes\\src\\routes\\user.route.ts:7:28)\n    at routes (E:\\Project1\\FundDoNotes\\src\\routes\\index.ts:15:24)\n    at App.initializeRoutes (E:\\Project1\\FundDoNotes\\src\\index.ts:52:62)\n    at new App (E:\\Project1\\FundDoNotes\\src\\index.ts:33:10)\n    at Object.<anonymous> (E:\\Project1\\FundDoNotes\\src\\index.ts:74:13)\n    at Module._compile (node:internal/modules/cjs/loader:1469:14)\n    at Module._compile (E:\\Project1\\FundDoNotes\\node_modules\\source-map-support\\source-map-support.js:568:25)\n    at Module.m._compile (C:\\Users\\A1\\AppData\\Local\\Temp\\ts-node-dev-hook-8676087590250392.js:69:33)\n    at Module._extensions..js (node:internal/modules/cjs/loader:1548:10)\n    at require.extensions..jsx.require.extensions..js (C:\\Users\\A1\\AppData\\Local\\Temp\\ts-node-dev-hook-8676087590250392.js:114:20)\n    at require.extensions.<computed> (C:\\Users\\A1\\AppData\\Local\\Temp\\ts-node-dev-hook-8676087590250392.js:71:20)\n    at Object.nodeDevHook [as .ts] (E:\\Project1\\FundDoNotes\\node_modules\\ts-node-dev\\lib\\hook.js:63:13)\n    at Module.load (node:internal/modules/cjs/loader:1288:32)\n    at Function.Module._load (node:internal/modules/cjs/loader:1104:12)","timestamp":"2024-10-17T05:32:12.413Z","trace":[{"column":10,"file":"E:\\Project1\\FundDoNotes\\src\\services\\user.service.ts","function":"new UserService","line":25,"method":null,"native":false},{"column":24,"file":"E:\\Project1\\FundDoNotes\\src\\controllers\\user.controller.ts","function":"new UserController","line":9,"method":null,"native":false},{"column":28,"file":"E:\\Project1\\FundDoNotes\\src\\routes\\user.route.ts","function":"new UserRoutes","line":7,"method":null,"native":false},{"column":24,"file":"E:\\Project1\\FundDoNotes\\src\\routes\\index.ts","function":"routes","line":15,"method":null,"native":false},{"column":62,"file":"E:\\Project1\\FundDoNotes\\src\\index.ts","function":"App.initializeRoutes","line":52,"method":"initializeRoutes","native":false},{"column":10,"file":"E:\\Project1\\FundDoNotes\\src\\index.ts","function":"new App","line":33,"method":null,"native":false},{"column":13,"file":"E:\\Project1\\FundDoNotes\\src\\index.ts","function":null,"line":74,"method":null,"native":false},{"column":14,"file":"node:internal/modules/cjs/loader","function":"Module._compile","line":1469,"method":"_compile","native":false},{"column":25,"file":"E:\\Project1\\FundDoNotes\\node_modules\\source-map-support\\source-map-support.js","function":"Module._compile","line":568,"method":"_compile","native":false},{"column":33,"file":"C:\\Users\\A1\\AppData\\Local\\Temp\\ts-node-dev-hook-8676087590250392.js","function":"Module.m._compile","line":69,"method":"_compile","native":false},{"column":10,"file":"node:internal/modules/cjs/loader","function":"Module._extensions..js","line":1548,"method":".js","native":false},{"column":20,"file":"C:\\Users\\A1\\AppData\\Local\\Temp\\ts-node-dev-hook-8676087590250392.js","function":"require.extensions..jsx.require.extensions..js","line":114,"method":".js","native":false},{"column":20,"file":"C:\\Users\\A1\\AppData\\Local\\Temp\\ts-node-dev-hook-8676087590250392.js","function":"require.extensions.<computed>","line":71,"method":"<computed>","native":false},{"column":13,"file":"E:\\Project1\\FundDoNotes\\node_modules\\ts-node-dev\\lib\\hook.js","function":"Object.nodeDevHook [as .ts]","line":63,"method":"ts]","native":false},{"column":32,"file":"node:internal/modules/cjs/loader","function":"Module.load","line":1288,"method":"load","native":false},{"column":12,"file":"node:internal/modules/cjs/loader","function":"Module._load","line":1104,"method":"_load","native":false}]}
error: 
    status - 500 
    message - Error: You have entered a incorrect paassword, try again
    at UserController.<anonymous> (E:\Project1\FundDoNotes\src\controllers\user.controller.ts:97:13)
    at Generator.next (<anonymous>)
    at fulfilled (E:\Project1\FundDoNotes\src\controllers\user.controller.ts:5:58)
    at processTicksAndRejections (node:internal/process/task_queues:95:5) 
    url - /api/v1/frontnote/users/login 
    method - POST 
    IP - ::1
   {"timestamp":"2024-10-17T05:49:06.432Z"}
error: 
    status - 500 
    message - Error: You have entered a incorrect paassword, try again
    at UserController.<anonymous> (E:\Project1\FundDoNotes\src\controllers\user.controller.ts:97:13)
    at Generator.next (<anonymous>)
    at fulfilled (E:\Project1\FundDoNotes\src\controllers\user.controller.ts:5:58)
    at processTicksAndRejections (node:internal/process/task_queues:95:5) 
    url - /api/v1/frontnote/users/login 
    method - POST 
    IP - ::1
   {"timestamp":"2024-10-17T05:49:22.589Z"}
error: 
    status - 500 
    message - TypeError: Cannot read properties of undefined (reading 'email')
    at UserService.<anonymous> (E:\Project1\FundDoNotes\src\services\user.service.ts:29:32)
    at Generator.next (<anonymous>)
    at fulfilled (E:\Project1\FundDoNotes\src\services\user.service.ts:5:58)
    at processTicksAndRejections (node:internal/process/task_queues:95:5) 
    url - /api/v1/frontnote/users/login 
    method - POST 
    IP - ::1
   {"timestamp":"2024-10-17T05:49:34.794Z"}
error: 
    status - 500 
    message - Error: You have entered a incorrect paassword, try again
    at UserController.<anonymous> (E:\Project1\FundDoNotes\src\controllers\user.controller.ts:97:13)
    at Generator.next (<anonymous>)
    at fulfilled (E:\Project1\FundDoNotes\src\controllers\user.controller.ts:5:58)
    at processTicksAndRejections (node:internal/process/task_queues:95:5) 
    url - /api/v1/frontnote/users/login 
    method - POST 
    IP - ::1
   {"timestamp":"2024-10-17T05:49:47.927Z"}
error: 
    status - 500 
    message - Error: You have entered a incorrect paassword, try again
    at UserController.<anonymous> (E:\Project1\FundDoNotes\src\controllers\user.controller.ts:97:13)
    at Generator.next (<anonymous>)
    at fulfilled (E:\Project1\FundDoNotes\src\controllers\user.controller.ts:5:58)
    at processTicksAndRejections (node:internal/process/task_queues:95:5) 
    url - /api/v1/frontnote/users/login 
    method - POST 
    IP - ::1
   {"timestamp":"2024-10-17T05:49:57.879Z"}
error: 
    status - 500 
    message - TypeError: Cannot read properties of undefined (reading 'email')
    at UserService.<anonymous> (E:\Project1\FundDoNotes\src\services\user.service.ts:29:32)
    at Generator.next (<anonymous>)
    at fulfilled (E:\Project1\FundDoNotes\src\services\user.service.ts:5:58)
    at processTicksAndRejections (node:internal/process/task_queues:95:5) 
    url - /api/v1/frontnote/users/login 
    method - POST 
    IP - ::1
   {"timestamp":"2024-10-17T05:53:49.361Z"}
error: 
    status - 500 
    message - TypeError: Cannot read properties of undefined (reading 'email')
    at UserService.<anonymous> (E:\Project1\FundDoNotes\src\services\user.service.ts:29:32)
    at Generator.next (<anonymous>)
    at fulfilled (E:\Project1\FundDoNotes\src\services\user.service.ts:5:58)
    at processTicksAndRejections (node:internal/process/task_queues:95:5) 
    url - /api/v1/frontnote/users/login 
    method - POST 
    IP - ::1
   {"timestamp":"2024-10-17T05:54:32.197Z"}
error: 
    status - 500 
    message - Error: User with email Santhwosh@gmail.com doesn't exist, please go with the registersation
    at UserController.<anonymous> (E:\Project1\FundDoNotes\src\controllers\user.controller.ts:95:15)
    at Generator.next (<anonymous>)
    at fulfilled (E:\Project1\FundDoNotes\src\controllers\user.controller.ts:5:58)
    at processTicksAndRejections (node:internal/process/task_queues:95:5) 
    url - /api/v1/frontnote/users/login 
    method - POST 
    IP - ::1
   {"timestamp":"2024-10-17T05:57:14.552Z"}
error: 
    status - 500 
    message - Error: User with email Santhwosh@gmail.com doesn't exist, please go with the registration
    at UserController.<anonymous> (E:\Project1\FundDoNotes\src\controllers\user.controller.ts:95:15)
    at Generator.next (<anonymous>)
    at fulfilled (E:\Project1\FundDoNotes\src\controllers\user.controller.ts:5:58)
    at processTicksAndRejections (node:internal/process/task_queues:95:5) 
    url - /api/v1/frontnote/users/login 
    method - POST 
    IP - ::1
   {"timestamp":"2024-10-17T06:06:31.952Z"}
error: 
    status - 500 
    message - Error: User with email Santhwosh@gmail.com doesn't exist, please go with the registration
    at UserController.<anonymous> (E:\Project1\FundDoNotes\src\controllers\user.controller.ts:95:15)
    at Generator.next (<anonymous>)
    at fulfilled (E:\Project1\FundDoNotes\src\controllers\user.controller.ts:5:58)
    at processTicksAndRejections (node:internal/process/task_queues:95:5) 
    url - /api/v1/frontnote/users/login 
    method - POST 
    IP - ::1
   {"timestamp":"2024-10-17T06:17:17.597Z"}
error: 
    status - 500 
    message - Error: You have entered a incorrect paassword, try again
    at UserController.<anonymous> (E:\Project1\FundDoNotes\src\controllers\user.controller.ts:97:15)
    at Generator.next (<anonymous>)
    at fulfilled (E:\Project1\FundDoNotes\src\controllers\user.controller.ts:5:58)
    at processTicksAndRejections (node:internal/process/task_queues:95:5) 
    url - /api/v1/frontnote/users/login 
    method - POST 
    IP - ::1
   {"timestamp":"2024-10-17T06:17:27.886Z"}
error: 
    status - 500 
    message - Error: You have entered a incorrect paassword, try again
    at UserController.<anonymous> (E:\Project1\FundDoNotes\src\controllers\user.controller.ts:97:15)
    at Generator.next (<anonymous>)
    at fulfilled (E:\Project1\FundDoNotes\src\controllers\user.controller.ts:5:58)
    at processTicksAndRejections (node:internal/process/task_queues:95:5) 
    url - /api/v1/frontnote/users/login 
    method - POST 
    IP - ::1
   {"timestamp":"2024-10-17T06:17:32.977Z"}
error: 
    status - 500 
    message - Error: User with name undefined undefined is already registered through the email id Santhosh@gmail.com
    at UserController.<anonymous> (E:\Project1\FundDoNotes\src\controllers\user.controller.ts:76:13)
    at Generator.next (<anonymous>)
    at fulfilled (E:\Project1\FundDoNotes\src\controllers\user.controller.ts:5:58)
    at processTicksAndRejections (node:internal/process/task_queues:95:5) 
    url - /api/v1/frontnote/users/register 
    method - POST 
    IP - ::1
   {"timestamp":"2024-10-17T06:17:47.493Z"}
error: 
    status - 500 
    message - Error: User with name undefined undefined is already registered through the email id Santhosh@gmail.com
    at UserController.<anonymous> (E:\Project1\FundDoNotes\src\controllers\user.controller.ts:76:13)
    at Generator.next (<anonymous>)
    at fulfilled (E:\Project1\FundDoNotes\src\controllers\user.controller.ts:5:58)
    at processTicksAndRejections (node:internal/process/task_queues:95:5) 
    url - /api/v1/frontnote/users/register 
    method - POST 
    IP - ::1
   {"timestamp":"2024-10-17T06:18:20.294Z"}
error: uncaughtException: Route.get() requires a callback function but got a [object Undefined]
Error: Route.get() requires a callback function but got a [object Undefined]
    at Route.<computed> [as get] (E:\Project1\FundDoNotes\node_modules\express\lib\router\route.js:216:15)
    at Function.proto.<computed> [as get] (E:\Project1\FundDoNotes\node_modules\express\lib\router\index.js:521:19)
    at UserRoutes.routes (E:\Project1\FundDoNotes\src\routes\user.route.ts:17:17)
    at new UserRoutes (E:\Project1\FundDoNotes\src\routes\user.route.ts:12:10)
    at routes (E:\Project1\FundDoNotes\src\routes\index.ts:15:24)
    at App.initializeRoutes (E:\Project1\FundDoNotes\src\index.ts:52:62)
    at new App (E:\Project1\FundDoNotes\src\index.ts:33:10)
    at Object.<anonymous> (E:\Project1\FundDoNotes\src\index.ts:74:13)
    at Module._compile (node:internal/modules/cjs/loader:1469:14)
    at Module._compile (E:\Project1\FundDoNotes\node_modules\source-map-support\source-map-support.js:568:25)
    at Module.m._compile (C:\Users\A1\AppData\Local\Temp\ts-node-dev-hook-8051269130570338.js:69:33)
    at Module._extensions..js (node:internal/modules/cjs/loader:1548:10)
    at require.extensions..jsx.require.extensions..js (C:\Users\A1\AppData\Local\Temp\ts-node-dev-hook-8051269130570338.js:114:20)
    at require.extensions.<computed> (C:\Users\A1\AppData\Local\Temp\ts-node-dev-hook-8051269130570338.js:71:20)
    at Object.nodeDevHook [as .ts] (E:\Project1\FundDoNotes\node_modules\ts-node-dev\lib\hook.js:63:13)
    at Module.load (node:internal/modules/cjs/loader:1288:32) {"date":"Thu Oct 17 2024 11:49:43 GMT+0530 (India Standard Time)","error":{},"exception":true,"os":{"loadavg":[0,0,0],"uptime":3964.781},"process":{"argv":["C:\\Program Files\\nodejs\\node.exe","./src/index.ts"],"cwd":"E:\\Project1\\FundDoNotes","execPath":"C:\\Program Files\\nodejs\\node.exe","gid":null,"memoryUsage":{"arrayBuffers":18369454,"external":20629531,"heapTotal":37933056,"heapUsed":26915912,"rss":73674752},"pid":8572,"uid":null,"version":"v20.17.0"},"stack":"Error: Route.get() requires a callback function but got a [object Undefined]\n    at Route.<computed> [as get] (E:\\Project1\\FundDoNotes\\node_modules\\express\\lib\\router\\route.js:216:15)\n    at Function.proto.<computed> [as get] (E:\\Project1\\FundDoNotes\\node_modules\\express\\lib\\router\\index.js:521:19)\n    at UserRoutes.routes (E:\\Project1\\FundDoNotes\\src\\routes\\user.route.ts:17:17)\n    at new UserRoutes (E:\\Project1\\FundDoNotes\\src\\routes\\user.route.ts:12:10)\n    at routes (E:\\Project1\\FundDoNotes\\src\\routes\\index.ts:15:24)\n    at App.initializeRoutes (E:\\Project1\\FundDoNotes\\src\\index.ts:52:62)\n    at new App (E:\\Project1\\FundDoNotes\\src\\index.ts:33:10)\n    at Object.<anonymous> (E:\\Project1\\FundDoNotes\\src\\index.ts:74:13)\n    at Module._compile (node:internal/modules/cjs/loader:1469:14)\n    at Module._compile (E:\\Project1\\FundDoNotes\\node_modules\\source-map-support\\source-map-support.js:568:25)\n    at Module.m._compile (C:\\Users\\A1\\AppData\\Local\\Temp\\ts-node-dev-hook-8051269130570338.js:69:33)\n    at Module._extensions..js (node:internal/modules/cjs/loader:1548:10)\n    at require.extensions..jsx.require.extensions..js (C:\\Users\\A1\\AppData\\Local\\Temp\\ts-node-dev-hook-8051269130570338.js:114:20)\n    at require.extensions.<computed> (C:\\Users\\A1\\AppData\\Local\\Temp\\ts-node-dev-hook-8051269130570338.js:71:20)\n    at Object.nodeDevHook [as .ts] (E:\\Project1\\FundDoNotes\\node_modules\\ts-node-dev\\lib\\hook.js:63:13)\n    at Module.load (node:internal/modules/cjs/loader:1288:32)","timestamp":"2024-10-17T06:19:43.957Z","trace":[{"column":15,"file":"E:\\Project1\\FundDoNotes\\node_modules\\express\\lib\\router\\route.js","function":"Route.<computed> [as get]","line":216,"method":"<computed> [as get]","native":false},{"column":19,"file":"E:\\Project1\\FundDoNotes\\node_modules\\express\\lib\\router\\index.js","function":"Function.proto.<computed> [as get]","line":521,"method":"<computed> [as get]","native":false},{"column":17,"file":"E:\\Project1\\FundDoNotes\\src\\routes\\user.route.ts","function":"UserRoutes.routes","line":17,"method":"routes","native":false},{"column":10,"file":"E:\\Project1\\FundDoNotes\\src\\routes\\user.route.ts","function":"new UserRoutes","line":12,"method":null,"native":false},{"column":24,"file":"E:\\Project1\\FundDoNotes\\src\\routes\\index.ts","function":"routes","line":15,"method":null,"native":false},{"column":62,"file":"E:\\Project1\\FundDoNotes\\src\\index.ts","function":"App.initializeRoutes","line":52,"method":"initializeRoutes","native":false},{"column":10,"file":"E:\\Project1\\FundDoNotes\\src\\index.ts","function":"new App","line":33,"method":null,"native":false},{"column":13,"file":"E:\\Project1\\FundDoNotes\\src\\index.ts","function":null,"line":74,"method":null,"native":false},{"column":14,"file":"node:internal/modules/cjs/loader","function":"Module._compile","line":1469,"method":"_compile","native":false},{"column":25,"file":"E:\\Project1\\FundDoNotes\\node_modules\\source-map-support\\source-map-support.js","function":"Module._compile","line":568,"method":"_compile","native":false},{"column":33,"file":"C:\\Users\\A1\\AppData\\Local\\Temp\\ts-node-dev-hook-8051269130570338.js","function":"Module.m._compile","line":69,"method":"_compile","native":false},{"column":10,"file":"node:internal/modules/cjs/loader","function":"Module._extensions..js","line":1548,"method":".js","native":false},{"column":20,"file":"C:\\Users\\A1\\AppData\\Local\\Temp\\ts-node-dev-hook-8051269130570338.js","function":"require.extensions..jsx.require.extensions..js","line":114,"method":".js","native":false},{"column":20,"file":"C:\\Users\\A1\\AppData\\Local\\Temp\\ts-node-dev-hook-8051269130570338.js","function":"require.extensions.<computed>","line":71,"method":"<computed>","native":false},{"column":13,"file":"E:\\Project1\\FundDoNotes\\node_modules\\ts-node-dev\\lib\\hook.js","function":"Object.nodeDevHook [as .ts]","line":63,"method":"ts]","native":false},{"column":32,"file":"node:internal/modules/cjs/loader","function":"Module.load","line":1288,"method":"load","native":false}]}
error: uncaughtException: Route.get() requires a callback function but got a [object Undefined]
Error: Route.get() requires a callback function but got a [object Undefined]
    at Route.<computed> [as get] (E:\Project1\FundDoNotes\node_modules\express\lib\router\route.js:216:15)
    at Function.proto.<computed> [as get] (E:\Project1\FundDoNotes\node_modules\express\lib\router\index.js:521:19)
    at UserRoutes.routes (E:\Project1\FundDoNotes\src\routes\user.route.ts:17:17)
    at new UserRoutes (E:\Project1\FundDoNotes\src\routes\user.route.ts:12:10)
    at routes (E:\Project1\FundDoNotes\src\routes\index.ts:15:24)
    at App.initializeRoutes (E:\Project1\FundDoNotes\src\index.ts:52:62)
    at new App (E:\Project1\FundDoNotes\src\index.ts:33:10)
    at Object.<anonymous> (E:\Project1\FundDoNotes\src\index.ts:74:13)
    at Module._compile (node:internal/modules/cjs/loader:1469:14)
    at Module._compile (E:\Project1\FundDoNotes\node_modules\source-map-support\source-map-support.js:568:25)
    at Module.m._compile (C:\Users\A1\AppData\Local\Temp\ts-node-dev-hook-8051269130570338.js:69:33)
    at Module._extensions..js (node:internal/modules/cjs/loader:1548:10)
    at require.extensions..jsx.require.extensions..js (C:\Users\A1\AppData\Local\Temp\ts-node-dev-hook-8051269130570338.js:114:20)
    at require.extensions.<computed> (C:\Users\A1\AppData\Local\Temp\ts-node-dev-hook-8051269130570338.js:71:20)
    at Object.nodeDevHook [as .ts] (E:\Project1\FundDoNotes\node_modules\ts-node-dev\lib\hook.js:63:13)
    at Module.load (node:internal/modules/cjs/loader:1288:32) {"date":"Thu Oct 17 2024 11:50:29 GMT+0530 (India Standard Time)","error":{},"exception":true,"os":{"loadavg":[0,0,0],"uptime":4009.875},"process":{"argv":["C:\\Program Files\\nodejs\\node.exe","./src/index.ts"],"cwd":"E:\\Project1\\FundDoNotes","execPath":"C:\\Program Files\\nodejs\\node.exe","gid":null,"memoryUsage":{"arrayBuffers":18369454,"external":20629531,"heapTotal":37933056,"heapUsed":27032496,"rss":72994816},"pid":4100,"uid":null,"version":"v20.17.0"},"stack":"Error: Route.get() requires a callback function but got a [object Undefined]\n    at Route.<computed> [as get] (E:\\Project1\\FundDoNotes\\node_modules\\express\\lib\\router\\route.js:216:15)\n    at Function.proto.<computed> [as get] (E:\\Project1\\FundDoNotes\\node_modules\\express\\lib\\router\\index.js:521:19)\n    at UserRoutes.routes (E:\\Project1\\FundDoNotes\\src\\routes\\user.route.ts:17:17)\n    at new UserRoutes (E:\\Project1\\FundDoNotes\\src\\routes\\user.route.ts:12:10)\n    at routes (E:\\Project1\\FundDoNotes\\src\\routes\\index.ts:15:24)\n    at App.initializeRoutes (E:\\Project1\\FundDoNotes\\src\\index.ts:52:62)\n    at new App (E:\\Project1\\FundDoNotes\\src\\index.ts:33:10)\n    at Object.<anonymous> (E:\\Project1\\FundDoNotes\\src\\index.ts:74:13)\n    at Module._compile (node:internal/modules/cjs/loader:1469:14)\n    at Module._compile (E:\\Project1\\FundDoNotes\\node_modules\\source-map-support\\source-map-support.js:568:25)\n    at Module.m._compile (C:\\Users\\A1\\AppData\\Local\\Temp\\ts-node-dev-hook-8051269130570338.js:69:33)\n    at Module._extensions..js (node:internal/modules/cjs/loader:1548:10)\n    at require.extensions..jsx.require.extensions..js (C:\\Users\\A1\\AppData\\Local\\Temp\\ts-node-dev-hook-8051269130570338.js:114:20)\n    at require.extensions.<computed> (C:\\Users\\A1\\AppData\\Local\\Temp\\ts-node-dev-hook-8051269130570338.js:71:20)\n    at Object.nodeDevHook [as .ts] (E:\\Project1\\FundDoNotes\\node_modules\\ts-node-dev\\lib\\hook.js:63:13)\n    at Module.load (node:internal/modules/cjs/loader:1288:32)","timestamp":"2024-10-17T06:20:29.065Z","trace":[{"column":15,"file":"E:\\Project1\\FundDoNotes\\node_modules\\express\\lib\\router\\route.js","function":"Route.<computed> [as get]","line":216,"method":"<computed> [as get]","native":false},{"column":19,"file":"E:\\Project1\\FundDoNotes\\node_modules\\express\\lib\\router\\index.js","function":"Function.proto.<computed> [as get]","line":521,"method":"<computed> [as get]","native":false},{"column":17,"file":"E:\\Project1\\FundDoNotes\\src\\routes\\user.route.ts","function":"UserRoutes.routes","line":17,"method":"routes","native":false},{"column":10,"file":"E:\\Project1\\FundDoNotes\\src\\routes\\user.route.ts","function":"new UserRoutes","line":12,"method":null,"native":false},{"column":24,"file":"E:\\Project1\\FundDoNotes\\src\\routes\\index.ts","function":"routes","line":15,"method":null,"native":false},{"column":62,"file":"E:\\Project1\\FundDoNotes\\src\\index.ts","function":"App.initializeRoutes","line":52,"method":"initializeRoutes","native":false},{"column":10,"file":"E:\\Project1\\FundDoNotes\\src\\index.ts","function":"new App","line":33,"method":null,"native":false},{"column":13,"file":"E:\\Project1\\FundDoNotes\\src\\index.ts","function":null,"line":74,"method":null,"native":false},{"column":14,"file":"node:internal/modules/cjs/loader","function":"Module._compile","line":1469,"method":"_compile","native":false},{"column":25,"file":"E:\\Project1\\FundDoNotes\\node_modules\\source-map-support\\source-map-support.js","function":"Module._compile","line":568,"method":"_compile","native":false},{"column":33,"file":"C:\\Users\\A1\\AppData\\Local\\Temp\\ts-node-dev-hook-8051269130570338.js","function":"Module.m._compile","line":69,"method":"_compile","native":false},{"column":10,"file":"node:internal/modules/cjs/loader","function":"Module._extensions..js","line":1548,"method":".js","native":false},{"column":20,"file":"C:\\Users\\A1\\AppData\\Local\\Temp\\ts-node-dev-hook-8051269130570338.js","function":"require.extensions..jsx.require.extensions..js","line":114,"method":".js","native":false},{"column":20,"file":"C:\\Users\\A1\\AppData\\Local\\Temp\\ts-node-dev-hook-8051269130570338.js","function":"require.extensions.<computed>","line":71,"method":"<computed>","native":false},{"column":13,"file":"E:\\Project1\\FundDoNotes\\node_modules\\ts-node-dev\\lib\\hook.js","function":"Object.nodeDevHook [as .ts]","line":63,"method":"ts]","native":false},{"column":32,"file":"node:internal/modules/cjs/loader","function":"Module.load","line":1288,"method":"load","native":false}]}
error: 
    status - 500 
    message - Error: User with name undefined undefined is already registered through the email id Santhosh@gmail.com
    at UserController.<anonymous> (E:\Project1\FundDoNotes\src\controllers\user.controller.ts:76:13)
    at Generator.next (<anonymous>)
    at fulfilled (E:\Project1\FundDoNotes\src\controllers\user.controller.ts:5:58)
    at processTicksAndRejections (node:internal/process/task_queues:95:5) 
    url - /api/v1/frontnote/users/register 
    method - POST 
    IP - ::1
   {"timestamp":"2024-10-17T06:22:07.393Z"}
error: 
    status - 500 
    message - Error: User with name [object Object] is already registered through the email id Santhosh@gmail.com
    at UserController.<anonymous> (E:\Project1\FundDoNotes\src\controllers\user.controller.ts:76:13)
    at Generator.next (<anonymous>)
    at fulfilled (E:\Project1\FundDoNotes\src\controllers\user.controller.ts:5:58)
    at processTicksAndRejections (node:internal/process/task_queues:95:5) 
    url - /api/v1/frontnote/users/register 
    method - POST 
    IP - ::1
   {"timestamp":"2024-10-17T06:23:12.534Z"}
error: 
    status - 500 
    message - Error: User with name undefined is already registered through the email id Santhosh@gmail.com
    at UserController.<anonymous> (E:\Project1\FundDoNotes\src\controllers\user.controller.ts:76:13)
    at Generator.next (<anonymous>)
    at fulfilled (E:\Project1\FundDoNotes\src\controllers\user.controller.ts:5:58)
    at processTicksAndRejections (node:internal/process/task_queues:95:5) 
    url - /api/v1/frontnote/users/register 
    method - POST 
    IP - ::1
   {"timestamp":"2024-10-17T06:23:32.104Z"}
error: 
    status - 500 
    message - Error: User with name LIKITH is already registered through the email id Santhosh@gmail.com
    at UserController.<anonymous> (E:\Project1\FundDoNotes\src\controllers\user.controller.ts:76:13)
    at Generator.next (<anonymous>)
    at fulfilled (E:\Project1\FundDoNotes\src\controllers\user.controller.ts:5:58)
    at processTicksAndRejections (node:internal/process/task_queues:95:5) 
    url - /api/v1/frontnote/users/register 
    method - POST 
    IP - ::1
   {"timestamp":"2024-10-17T06:24:05.618Z"}
error: 
    status - 500 
    message - Error: User with name LIKITH SIDDU is already registered through the email id Santhosh@gmail.com
    at UserController.<anonymous> (E:\Project1\FundDoNotes\src\controllers\user.controller.ts:76:13)
    at Generator.next (<anonymous>)
    at fulfilled (E:\Project1\FundDoNotes\src\controllers\user.controller.ts:5:58)
    at processTicksAndRejections (node:internal/process/task_queues:95:5) 
    url - /api/v1/frontnote/users/register 
    method - POST 
    IP - ::1
   {"timestamp":"2024-10-17T06:24:25.966Z"}
